
*** Running vivado
    with args -log project_reti_logiche.vds -m64 -product Vivado -mode batch -messageDb vivado.pb -notrace -source project_reti_logiche.tcl



****** Vivado v2023.1 (64-bit)
  **** SW Build 3865809 on Sun May  7 15:05:29 MDT 2023
  **** IP Build 3864474 on Sun May  7 20:36:21 MDT 2023
  **** SharedData Build 3865790 on Sun May 07 13:33:03 MDT 2023
    ** Copyright 1986-2022 Xilinx, Inc. All Rights Reserved.
    ** Copyright 2022-2023 Advanced Micro Devices, Inc. All Rights Reserved.

source project_reti_logiche.tcl -notrace
create_project: Time (s): cpu = 00:00:06 ; elapsed = 00:00:08 . Memory (MB): peak = 1450.016 ; gain = 152.266
Command: read_checkpoint -auto_incremental -incremental {C:/Users/lorenzo/Desktop/progetto reti logiche/project_reti_logiche/project_reti_logiche.srcs/utils_1/imports/synth_1/project_reti_logiche.dcp}
INFO: [Vivado 12-5825] Read reference checkpoint from C:/Users/lorenzo/Desktop/progetto reti logiche/project_reti_logiche/project_reti_logiche.srcs/utils_1/imports/synth_1/project_reti_logiche.dcp for incremental synthesis
INFO: [Vivado 12-7989] Please ensure there are no constraint changes
Command: synth_design -top project_reti_logiche -part xc7a200tfbg484-1
Starting synth_design
Attempting to get a license for feature 'Synthesis' and/or device 'xc7a200t'
INFO: [Common 17-349] Got license for feature 'Synthesis' and/or device 'xc7a200t'
INFO: [Device 21-403] Loading part xc7a200tfbg484-1
INFO: [Designutils 20-5440] No compile time benefit to using incremental synthesis; A full resynthesis will be run
INFO: [Designutils 20-4379] Flow is switching to default flow due to incremental criteria not met. If you would like to alter this behaviour and have the flow terminate instead, please set the following parameter config_implementation {autoIncr.Synth.RejectBehavior Terminate}
INFO: [Synth 8-7079] Multithreading enabled for synth_design using a maximum of 2 processes.
INFO: [Synth 8-7078] Launching helper process for spawning children vivado processes
INFO: [Synth 8-7075] Helper process launched with PID 13508
---------------------------------------------------------------------------------
Starting RTL Elaboration : Time (s): cpu = 00:00:05 ; elapsed = 00:00:06 . Memory (MB): peak = 2321.766 ; gain = 411.703
---------------------------------------------------------------------------------
INFO: [Synth 8-638] synthesizing module 'project_reti_logiche' [C:/Users/lorenzo/Desktop/progetto reti logiche/project_reti_logiche/project_reti_logiche.srcs/sources_1/new/project_reti_logiche.vhd:23]
INFO: [Synth 8-3491] module 'shift_reg_sp2' declared at 'C:/Users/lorenzo/Desktop/progetto reti logiche/project_reti_logiche/project_reti_logiche.srcs/sources_1/new/project_reti_logiche.vhd:254' bound to instance 'SHIFT_REG_SORT' of component 'shift_reg_sp2' [C:/Users/lorenzo/Desktop/progetto reti logiche/project_reti_logiche/project_reti_logiche.srcs/sources_1/new/project_reti_logiche.vhd:103]
INFO: [Synth 8-638] synthesizing module 'shift_reg_sp2' [C:/Users/lorenzo/Desktop/progetto reti logiche/project_reti_logiche/project_reti_logiche.srcs/sources_1/new/project_reti_logiche.vhd:263]
INFO: [Synth 8-256] done synthesizing module 'shift_reg_sp2' (0#1) [C:/Users/lorenzo/Desktop/progetto reti logiche/project_reti_logiche/project_reti_logiche.srcs/sources_1/new/project_reti_logiche.vhd:263]
INFO: [Synth 8-3491] module 'shift_reg_sp16_reverse' declared at 'C:/Users/lorenzo/Desktop/progetto reti logiche/project_reti_logiche/project_reti_logiche.srcs/sources_1/new/project_reti_logiche.vhd:303' bound to instance 'SHIFT_REG_DATA' of component 'shift_reg_sp16_reverse' [C:/Users/lorenzo/Desktop/progetto reti logiche/project_reti_logiche/project_reti_logiche.srcs/sources_1/new/project_reti_logiche.vhd:112]
INFO: [Synth 8-638] synthesizing module 'shift_reg_sp16_reverse' [C:/Users/lorenzo/Desktop/progetto reti logiche/project_reti_logiche/project_reti_logiche.srcs/sources_1/new/project_reti_logiche.vhd:328]
INFO: [Synth 8-256] done synthesizing module 'shift_reg_sp16_reverse' (0#1) [C:/Users/lorenzo/Desktop/progetto reti logiche/project_reti_logiche/project_reti_logiche.srcs/sources_1/new/project_reti_logiche.vhd:328]
INFO: [Synth 8-3491] module 'sorter' declared at 'C:/Users/lorenzo/Desktop/progetto reti logiche/project_reti_logiche/project_reti_logiche.srcs/sources_1/new/project_reti_logiche.vhd:577' bound to instance 'SORT_OUTPUT' of component 'sorter' [C:/Users/lorenzo/Desktop/progetto reti logiche/project_reti_logiche/project_reti_logiche.srcs/sources_1/new/project_reti_logiche.vhd:137]
INFO: [Synth 8-638] synthesizing module 'sorter' [C:/Users/lorenzo/Desktop/progetto reti logiche/project_reti_logiche/project_reti_logiche.srcs/sources_1/new/project_reti_logiche.vhd:590]
INFO: [Synth 8-226] default block is never used [C:/Users/lorenzo/Desktop/progetto reti logiche/project_reti_logiche/project_reti_logiche.srcs/sources_1/new/project_reti_logiche.vhd:646]
INFO: [Synth 8-226] default block is never used [C:/Users/lorenzo/Desktop/progetto reti logiche/project_reti_logiche/project_reti_logiche.srcs/sources_1/new/project_reti_logiche.vhd:652]
INFO: [Synth 8-226] default block is never used [C:/Users/lorenzo/Desktop/progetto reti logiche/project_reti_logiche/project_reti_logiche.srcs/sources_1/new/project_reti_logiche.vhd:658]
INFO: [Synth 8-226] default block is never used [C:/Users/lorenzo/Desktop/progetto reti logiche/project_reti_logiche/project_reti_logiche.srcs/sources_1/new/project_reti_logiche.vhd:664]
INFO: [Synth 8-256] done synthesizing module 'sorter' (0#1) [C:/Users/lorenzo/Desktop/progetto reti logiche/project_reti_logiche/project_reti_logiche.srcs/sources_1/new/project_reti_logiche.vhd:590]
INFO: [Synth 8-256] done synthesizing module 'project_reti_logiche' (0#1) [C:/Users/lorenzo/Desktop/progetto reti logiche/project_reti_logiche/project_reti_logiche.srcs/sources_1/new/project_reti_logiche.vhd:23]
WARNING: [Synth 8-3917] design project_reti_logiche has port o_mem_we driven by constant 0
---------------------------------------------------------------------------------
Finished RTL Elaboration : Time (s): cpu = 00:00:07 ; elapsed = 00:00:08 . Memory (MB): peak = 2412.902 ; gain = 502.840
---------------------------------------------------------------------------------
---------------------------------------------------------------------------------
Start Handling Custom Attributes
---------------------------------------------------------------------------------
---------------------------------------------------------------------------------
Finished Handling Custom Attributes : Time (s): cpu = 00:00:07 ; elapsed = 00:00:08 . Memory (MB): peak = 2430.816 ; gain = 520.754
---------------------------------------------------------------------------------
---------------------------------------------------------------------------------
Finished RTL Optimization Phase 1 : Time (s): cpu = 00:00:07 ; elapsed = 00:00:08 . Memory (MB): peak = 2430.816 ; gain = 520.754
---------------------------------------------------------------------------------
Netlist sorting complete. Time (s): cpu = 00:00:00 ; elapsed = 00:00:00.001 . Memory (MB): peak = 2430.816 ; gain = 0.000
INFO: [Project 1-570] Preparing netlist for logic optimization

Processing XDC Constraints
Initializing timing engine
Parsing XDC File [C:/Users/lorenzo/Desktop/progetto reti logiche/project_reti_logiche/project_reti_logiche.srcs/constrs_1/new/clock.xdc]
Finished Parsing XDC File [C:/Users/lorenzo/Desktop/progetto reti logiche/project_reti_logiche/project_reti_logiche.srcs/constrs_1/new/clock.xdc]
Completed Processing XDC Constraints

Netlist sorting complete. Time (s): cpu = 00:00:00 ; elapsed = 00:00:00 . Memory (MB): peak = 2546.105 ; gain = 0.000
INFO: [Project 1-111] Unisim Transformation Summary:
No Unisim elements were transformed.

Constraint Validation Runtime : Time (s): cpu = 00:00:00 ; elapsed = 00:00:00.004 . Memory (MB): peak = 2546.105 ; gain = 0.000
INFO: [Designutils 20-5440] No compile time benefit to using incremental synthesis; A full resynthesis will be run
INFO: [Designutils 20-4379] Flow is switching to default flow due to incremental criteria not met. If you would like to alter this behaviour and have the flow terminate instead, please set the following parameter config_implementation {autoIncr.Synth.RejectBehavior Terminate}
---------------------------------------------------------------------------------
Finished Constraint Validation : Time (s): cpu = 00:00:15 ; elapsed = 00:00:16 . Memory (MB): peak = 2546.105 ; gain = 636.043
---------------------------------------------------------------------------------
---------------------------------------------------------------------------------
Start Loading Part and Timing Information
---------------------------------------------------------------------------------
Loading part: xc7a200tfbg484-1
---------------------------------------------------------------------------------
Finished Loading Part and Timing Information : Time (s): cpu = 00:00:15 ; elapsed = 00:00:16 . Memory (MB): peak = 2546.105 ; gain = 636.043
---------------------------------------------------------------------------------
---------------------------------------------------------------------------------
Start Applying 'set_property' XDC Constraints
---------------------------------------------------------------------------------
---------------------------------------------------------------------------------
Finished applying 'set_property' XDC Constraints : Time (s): cpu = 00:00:15 ; elapsed = 00:00:16 . Memory (MB): peak = 2546.105 ; gain = 636.043
---------------------------------------------------------------------------------
INFO: [Synth 8-802] inferred FSM for state register 'cur_state_reg' in module 'project_reti_logiche'
---------------------------------------------------------------------------------------------------
                   State |                     New Encoding |                Previous Encoding 
---------------------------------------------------------------------------------------------------
                      s0 |                              000 |                              000
                      s1 |                              001 |                              001
                      s2 |                              010 |                              010
                      s3 |                              011 |                              011
                      s4 |                              100 |                              100
                      s5 |                              101 |                              101
---------------------------------------------------------------------------------------------------
INFO: [Synth 8-3354] encoded FSM with state register 'cur_state_reg' using encoding 'sequential' in module 'project_reti_logiche'
---------------------------------------------------------------------------------
Finished RTL Optimization Phase 2 : Time (s): cpu = 00:00:16 ; elapsed = 00:00:16 . Memory (MB): peak = 2546.105 ; gain = 636.043
---------------------------------------------------------------------------------
---------------------------------------------------------------------------------
Start RTL Component Statistics 
---------------------------------------------------------------------------------
Detailed RTL Component Info : 
+---Registers : 
	                8 Bit    Registers := 4     
	                1 Bit    Registers := 19    
+---Muxes : 
	   2 Input    8 Bit        Muxes := 4     
	   6 Input    3 Bit        Muxes := 1     
	   2 Input    3 Bit        Muxes := 1     
	   6 Input    1 Bit        Muxes := 7     
---------------------------------------------------------------------------------
Finished RTL Component Statistics 
---------------------------------------------------------------------------------
---------------------------------------------------------------------------------
Start Part Resource Summary
---------------------------------------------------------------------------------
Part Resources:
DSPs: 740 (col length:100)
BRAMs: 730 (col length: RAMB18 100 RAMB36 50)
---------------------------------------------------------------------------------
Finished Part Resource Summary
---------------------------------------------------------------------------------
---------------------------------------------------------------------------------
Start Cross Boundary and Area Optimization
---------------------------------------------------------------------------------
WARNING: [Synth 8-7080] Parallel synthesis criteria is not met
WARNING: [Synth 8-3917] design project_reti_logiche has port o_mem_we driven by constant 0
---------------------------------------------------------------------------------
Finished Cross Boundary and Area Optimization : Time (s): cpu = 00:00:18 ; elapsed = 00:00:18 . Memory (MB): peak = 2546.105 ; gain = 636.043
---------------------------------------------------------------------------------
---------------------------------------------------------------------------------
Start Applying XDC Timing Constraints
---------------------------------------------------------------------------------
---------------------------------------------------------------------------------
Finished Applying XDC Timing Constraints : Time (s): cpu = 00:00:23 ; elapsed = 00:00:24 . Memory (MB): peak = 2546.105 ; gain = 636.043
---------------------------------------------------------------------------------
---------------------------------------------------------------------------------
Start Timing Optimization
---------------------------------------------------------------------------------
---------------------------------------------------------------------------------
Finished Timing Optimization : Time (s): cpu = 00:00:23 ; elapsed = 00:00:24 . Memory (MB): peak = 2546.105 ; gain = 636.043
---------------------------------------------------------------------------------
---------------------------------------------------------------------------------
Start Technology Mapping
---------------------------------------------------------------------------------
---------------------------------------------------------------------------------
Finished Technology Mapping : Time (s): cpu = 00:00:23 ; elapsed = 00:00:24 . Memory (MB): peak = 2546.105 ; gain = 636.043
---------------------------------------------------------------------------------
---------------------------------------------------------------------------------
Start IO Insertion
---------------------------------------------------------------------------------
---------------------------------------------------------------------------------
Start Flattening Before IO Insertion
---------------------------------------------------------------------------------
---------------------------------------------------------------------------------
Finished Flattening Before IO Insertion
---------------------------------------------------------------------------------
---------------------------------------------------------------------------------
Start Final Netlist Cleanup
---------------------------------------------------------------------------------
---------------------------------------------------------------------------------
Finished Final Netlist Cleanup
---------------------------------------------------------------------------------
---------------------------------------------------------------------------------
Finished IO Insertion : Time (s): cpu = 00:00:28 ; elapsed = 00:00:29 . Memory (MB): peak = 2546.105 ; gain = 636.043
---------------------------------------------------------------------------------
---------------------------------------------------------------------------------
Start Renaming Generated Instances
---------------------------------------------------------------------------------
---------------------------------------------------------------------------------
Finished Renaming Generated Instances : Time (s): cpu = 00:00:28 ; elapsed = 00:00:29 . Memory (MB): peak = 2546.105 ; gain = 636.043
---------------------------------------------------------------------------------
---------------------------------------------------------------------------------
Start Rebuilding User Hierarchy
---------------------------------------------------------------------------------
---------------------------------------------------------------------------------
Finished Rebuilding User Hierarchy : Time (s): cpu = 00:00:28 ; elapsed = 00:00:29 . Memory (MB): peak = 2546.105 ; gain = 636.043
---------------------------------------------------------------------------------
---------------------------------------------------------------------------------
Start Renaming Generated Ports
---------------------------------------------------------------------------------
---------------------------------------------------------------------------------
Finished Renaming Generated Ports : Time (s): cpu = 00:00:28 ; elapsed = 00:00:29 . Memory (MB): peak = 2546.105 ; gain = 636.043
---------------------------------------------------------------------------------
---------------------------------------------------------------------------------
Start Handling Custom Attributes
---------------------------------------------------------------------------------
---------------------------------------------------------------------------------
Finished Handling Custom Attributes : Time (s): cpu = 00:00:28 ; elapsed = 00:00:29 . Memory (MB): peak = 2546.105 ; gain = 636.043
---------------------------------------------------------------------------------
---------------------------------------------------------------------------------
Start Renaming Generated Nets
---------------------------------------------------------------------------------
---------------------------------------------------------------------------------
Finished Renaming Generated Nets : Time (s): cpu = 00:00:28 ; elapsed = 00:00:29 . Memory (MB): peak = 2546.105 ; gain = 636.043
---------------------------------------------------------------------------------
---------------------------------------------------------------------------------
Start Writing Synthesis Report
---------------------------------------------------------------------------------

Report BlackBoxes: 
+-+--------------+----------+
| |BlackBox name |Instances |
+-+--------------+----------+
+-+--------------+----------+

Report Cell Usage: 
+------+-----+------+
|      |Cell |Count |
+------+-----+------+
|1     |BUFG |     1|
|2     |LUT2 |     1|
|3     |LUT3 |     4|
|4     |LUT4 |    35|
|5     |LUT5 |     5|
|6     |FDCE |    54|
|7     |IBUF |    12|
|8     |OBUF |    51|
+------+-----+------+
---------------------------------------------------------------------------------
Finished Writing Synthesis Report : Time (s): cpu = 00:00:28 ; elapsed = 00:00:29 . Memory (MB): peak = 2546.105 ; gain = 636.043
---------------------------------------------------------------------------------
Synthesis finished with 0 errors, 0 critical warnings and 2 warnings.
Synthesis Optimization Runtime : Time (s): cpu = 00:00:18 ; elapsed = 00:00:26 . Memory (MB): peak = 2546.105 ; gain = 520.754
Synthesis Optimization Complete : Time (s): cpu = 00:00:28 ; elapsed = 00:00:29 . Memory (MB): peak = 2546.105 ; gain = 636.043
INFO: [Project 1-571] Translating synthesized netlist
Netlist sorting complete. Time (s): cpu = 00:00:00 ; elapsed = 00:00:00.001 . Memory (MB): peak = 2546.105 ; gain = 0.000
INFO: [Project 1-570] Preparing netlist for logic optimization
INFO: [Opt 31-138] Pushed 0 inverter(s) to 0 load pin(s).
Netlist sorting complete. Time (s): cpu = 00:00:00 ; elapsed = 00:00:00 . Memory (MB): peak = 2546.105 ; gain = 0.000
INFO: [Project 1-111] Unisim Transformation Summary:
No Unisim elements were transformed.

Synth Design complete | Checksum: 47fda22b
INFO: [Common 17-83] Releasing license: Synthesis
35 Infos, 3 Warnings, 0 Critical Warnings and 0 Errors encountered.
synth_design completed successfully
synth_design: Time (s): cpu = 00:00:33 ; elapsed = 00:00:37 . Memory (MB): peak = 2546.105 ; gain = 1071.266
INFO: [Common 17-1381] The checkpoint 'C:/Users/lorenzo/Desktop/progetto reti logiche/project_reti_logiche/project_reti_logiche.runs/synth_1/project_reti_logiche.dcp' has been generated.
INFO: [runtcl-4] Executing : report_utilization -file project_reti_logiche_utilization_synth.rpt -pb project_reti_logiche_utilization_synth.pb
INFO: [Common 17-206] Exiting Vivado at Tue Sep  5 23:58:13 2023...
