#
# A fatal error has been detected by the Java Runtime Environment:
#
#  EXCEPTION_ACCESS_VIOLATION (0xc0000005) at pc=0x00007ff898c77a1c, pid=7264, tid=12520
#
# JRE version: OpenJDK Runtime Environment Temurin-17.0.3+7 (17.0.3+7) (build 17.0.3+7)
# Java VM: OpenJDK 64-Bit Server VM Temurin-17.0.3+7 (17.0.3+7, mixed mode, sharing, tiered, compressed oops, compressed class ptrs, g1 gc, windows-amd64)
# Problematic frame:
# C  [xerces-c_3_2.dll+0x7a1c]
#
# No core dump will be written. Minidumps are not enabled by default on client versions of Windows
#
# If you would like to submit a bug report, please visit:
#   https://github.com/adoptium/adoptium-support/issues
# The crash happened outside the Java Virtual Machine in native code.
# See problematic frame for where to report the bug.
#

---------------  S U M M A R Y ------------

Command Line: -Dsun.java2d.pmoffscreen=false -Dhttps.protocols=TLSv1,TLSv1.1,TLSv1.2 -Dsun.java2d.xrender=false -Dsun.java2d.d3d=false -Dsun.awt.nopixfmt=true -Dsun.java2d.dpiaware=true -Dsun.java2d.uiScale.enabled=false -Dswing.aatext=true -XX:-UsePerfData -Djdk.map.althashing.threshold=512 -XX:StringTableSize=4072 -XX:+UseStringDeduplication -XX:MaxGCPauseMillis=200 -XX:+ParallelRefProcEnabled --add-opens=java.desktop/javax.swing.plaf.synth=ALL-UNNAMED --add-opens=java.base/java.nio=ALL-UNNAMED --add-opens=java.desktop/sun.swing=ALL-UNNAMED --add-opens=java.desktop/javax.swing=ALL-UNNAMED --add-opens=java.desktop/javax.swing.tree=ALL-UNNAMED --add-opens=java.desktop/javax.swing.plaf.basic=ALL-UNNAMED --add-opens=java.desktop/javax.swing.plaf.synth=ALL-UNNAMED --add-opens=java.desktop/javax.swing.plaf.basic=ALL-UNNAMED --add-opens=java.desktop/javax.swing=ALL-UNNAMED --add-opens=java.desktop/javax.swing.tree=ALL-UNNAMED --add-opens=java.desktop/java.awt.event=ALL-UNNAMED --add-exports=java.desktop/javax.swing.plaf.synth=ALL-UNNAMED --add-exports=java.base/java.nio=ALL-UNNAMED --add-exports=java.desktop/sun.swing=ALL-UNNAMED --add-exports=java.desktop/javax.swing=ALL-UNNAMED --add-exports=java.desktop/javax.swing.tree=ALL-UNNAMED --add-exports=java.desktop/javax.swing.plaf.basic=ALL-UNNAMED --add-exports=java.desktop/sun.swing=ALL-UNNAMED --add-exports=java.desktop/sun.swing.table=ALL-UNNAMED --add-exports=java.desktop/sun.swing.plaf.synth=ALL-UNNAMED --add-exports=java.desktop/sun.awt.shell=ALL-UNNAMED --add-exports=java.base/sun.security.action=ALL-UNNAMED --add-exports=java.desktop/sun.font=ALL-UNNAMED -XX:NewSize=80m -XX:MaxNewSize=80m -Xms512m -Xmx4072m -Xss10m 

Host: Intel(R) Core(TM) i5-7600 CPU @ 3.50GHz, 4 cores, 15G,  Windows 10 , 64 bit Build 19041 (10.0.19041.3155)
Time: Thu Sep  7 11:56:37 2023 ora legale Europa occidentale elapsed time: 46.618687 seconds (0d 0h 0m 46s)

---------------  T H R E A D  ---------------

Current thread (0x000002760c9d6a20):  JavaThread "NewProject Thread" [_thread_in_native, id=12520, stack(0x000000fe6db00000,0x000000fe6e500000)]

Stack: [0x000000fe6db00000,0x000000fe6e500000],  sp=0x000000fe6e4fe620,  free space=10233k
Native frames: (J=compiled Java code, j=interpreted, Vv=VM code, C=native code)
C  [xerces-c_3_2.dll+0x7a1c]
C  [xerces-c_3_2.dll+0x49d5f]
C  [librdi_common.dll+0x8c4ed6]
C  [librdi_common.dll+0x8c37fd]
C  [librdi_board.dll+0x49be0]
C  [librdi_board.dll+0x40f78]
C  [librdi_board.dll+0x48155]
C  [librdi_boarddep.dll+0x5667]
C  [librdi_project.dll+0x3b29cf]
C  0x000002762755d621

Java frames: (J=compiled Java code, j=interpreted, Vv=VM code)
j  ui.project.projecti.ProjUtils_createBoardPartIter(J)J+0
j  ui.data.b.S(Lui/project/m;)Ljava/util/List;+22
j  ui.views.d.v.g.DU()V+20
j  ui.views.i.aQH()Ljava/lang/Object;+4
j  ui.frmwork.z.run()V+23
j  java.lang.Thread.run()V+11 java.base@17.0.3
v  ~StubRoutines::call_stub

siginfo: EXCEPTION_ACCESS_VIOLATION (0xc0000005), reading address 0x0000000000000000


Register to memory mapping:

RIP=0x00007ff898c77a1c xerces-c_3_2.dll
RAX=0x000000fe6e4fe6c8 is pointing into the stack for thread: 0x000002760c9d6a20
RBX=0x000000fe6e4fe6d8 is pointing into the stack for thread: 0x000002760c9d6a20
RCX=0x000000fe6e4fe6d8 is pointing into the stack for thread: 0x000002760c9d6a20
RDX=0x0 is NULL
RSP=0x000000fe6e4fe620 is pointing into the stack for thread: 0x000002760c9d6a20
RBP=0x000000fe6e4fee40 is pointing into the stack for thread: 0x000002760c9d6a20
RSI=0x000000fe6e4fef50 is pointing into the stack for thread: 0x000002760c9d6a20
RDI=0x0 is NULL
R8 =0x0 is NULL
R9 =0x0 is NULL
R10=0x0000000000008000 is an unknown value
R11=0x000000fe6e4fe530 is pointing into the stack for thread: 0x000002760c9d6a20
R12=0x000000000000000f is an unknown value
R13=0x7fffffffffffffff is an unknown value
R14=0xffffffffffffffff is an unknown value
R15=0x0000000000000043 is an unknown value


Registers:
RAX=0x000000fe6e4fe6c8, RBX=0x000000fe6e4fe6d8, RCX=0x000000fe6e4fe6d8, RDX=0x0000000000000000
RSP=0x000000fe6e4fe620, RBP=0x000000fe6e4fee40, RSI=0x000000fe6e4fef50, RDI=0x0000000000000000
R8 =0x0000000000000000, R9 =0x0000000000000000, R10=0x0000000000008000, R11=0x000000fe6e4fe530
R12=0x000000000000000f, R13=0x7fffffffffffffff, R14=0xffffffffffffffff, R15=0x0000000000000043
RIP=0x00007ff898c77a1c, EFLAGS=0x0000000000010202

Top of Stack: (sp=0x000000fe6e4fe620)
0x000000fe6e4fe620:   0000000000000000 0000000000000000
0x000000fe6e4fe630:   000002761f156330 0000000000000044
0x000000fe6e4fe640:   0000000000000000 00007ff898cb9d5f
0x000000fe6e4fe650:   000000fe6e4fef50 00007ff899b99ac4
0x000000fe6e4fe660:   00000000ffffffff 0000027614f60000
0x000000fe6e4fe670:   0000000000000000 0000000000000000
0x000000fe6e4fe680:   fffffffffffffffe 0000000000000001
0x000000fe6e4fe690:   00000bf700000003 0000000064f8bb4b
0x000000fe6e4fe6a0:   fffffffffffffffe 0000000064d36b2d
0x000000fe6e4fe6b0:   000070ec6d78b0ca 000000fe6e4fef50
0x000000fe6e4fe6c0:   0000000000000000 00007ff899d34ed6
0x000000fe6e4fe6d0:   0000000000000000 0000000000000000
0x000000fe6e4fe6e0:   0000000000000000 000000fe6e4fef50
0x000000fe6e4fe6f0:   0000000000000050 0000027614ed0d20
0x000000fe6e4fe700:   00000276151030e0 0000027644210bd0
0x000000fe6e4fe710:   000000fe6e4fef50 0000000000000050 

Instructions: (pc=0x00007ff898c77a1c)
0x00007ff898c7791c:   18 48 8b 4b 18 4c 8d 04 7d 02 00 00 00 48 8b d6
0x00007ff898c7792c:   48 8b 5c 24 30 48 8b 74 24 38 48 83 c4 20 5f e9
0x00007ff898c7793c:   12 71 12 00 48 85 d2 75 08 45 33 c0 e9 23 00 00
0x00007ff898c7794c:   00 4c 8b c2 41 0f b7 00 49 83 c0 02 66 85 c0 75
0x00007ff898c7795c:   f3 4c 2b c2 49 d1 f8 49 ff c8 e9 05 00 00 00 cc
0x00007ff898c7796c:   cc cc cc cc 48 89 5c 24 08 48 89 74 24 10 57 48
0x00007ff898c7797c:   83 ec 20 49 8b f8 48 8b f2 48 8b d9 4c 3b 41 10
0x00007ff898c7798c:   72 2f 48 8b 49 28 48 8b 53 20 48 8b 01 ff 50 18
0x00007ff898c7799c:   48 8b 4b 28 48 8d 57 01 48 89 53 10 48 03 d2 48
0x00007ff898c779ac:   c7 43 20 00 00 00 00 48 8b 01 ff 50 10 48 89 43
0x00007ff898c779bc:   20 48 8b 4b 20 4c 8d 04 7d 02 00 00 00 48 8b d6
0x00007ff898c779cc:   48 8b 5c 24 30 48 8b 74 24 38 48 83 c4 20 5f e9
0x00007ff898c779dc:   72 70 12 00 40 53 48 83 ec 20 48 8b d9 48 c7 01
0x00007ff898c779ec:   00 00 00 00 48 89 51 08 48 8b ca e8 64 13 00 00
0x00007ff898c779fc:   48 89 03 48 8b c3 48 83 c4 20 5b c3 cc cc cc cc
0x00007ff898c77a0c:   cc cc cc cc 40 53 48 83 ec 20 48 8b d9 48 89 11
0x00007ff898c77a1c:   48 8b 0a e8 ac 12 00 00 48 8b c3 48 83 c4 20 5b
0x00007ff898c77a2c:   c3 cc cc cc 40 53 48 83 ec 30 48 c7 44 24 20 fe
0x00007ff898c77a3c:   ff ff ff 48 8b d9 48 8b 09 48 85 c9 74 11 48 8b
0x00007ff898c77a4c:   53 08 e8 7d 0d 00 00 90 48 c7 03 00 00 00 00 48
0x00007ff898c77a5c:   83 c4 30 5b c3 cc cc cc cc cc cc cc cc cc cc cc
0x00007ff898c77a6c:   cc cc cc cc 48 83 ec 38 48 c7 44 24 20 fe ff ff
0x00007ff898c77a7c:   ff 48 8b 09 48 8b 09 e8 48 1b 00 00 90 48 83 c4
0x00007ff898c77a8c:   38 c3 cc cc 40 53 48 83 ec 20 48 8b d9 48 8b 0d
0x00007ff898c77a9c:   c0 22 2a 00 48 c7 03 00 00 00 00 48 89 4b 08 e8
0x00007ff898c77aac:   b0 12 00 00 48 89 03 48 83 c4 20 5b c3 cc cc cc
0x00007ff898c77abc:   cc cc cc cc 48 8b 09 e9 08 12 00 00 cc cc cc cc
0x00007ff898c77acc:   cc cc cc cc 48 8b 09 e9 f8 1a 00 00 cc cc cc cc
0x00007ff898c77adc:   cc cc cc cc 83 f9 08 77 56 48 63 c1 48 8d 15 11
0x00007ff898c77aec:   85 ff ff 8b 8c 82 44 7b 00 00 48 03 ca ff e1 48
0x00007ff898c77afc:   8d 05 46 6d 14 00 c3 48 8d 05 66 6d 14 00 c3 48
0x00007ff898c77b0c:   8d 05 8e 6d 14 00 c3 48 8d 05 a6 6d 14 00 c3 48 


Stack slot to memory mapping:
stack at sp + 0 slots: 0x0 is NULL
stack at sp + 1 slots: 0x0 is NULL
stack at sp + 2 slots: 0x000002761f156330 points into unknown readable memory: 0x00007ff89a1b8a38 | 38 8a 1b 9a f8 7f 00 00
stack at sp + 3 slots: 0x0000000000000044 is an unknown value
stack at sp + 4 slots: 0x0 is NULL
stack at sp + 5 slots: 0x00007ff898cb9d5f xerces-c_3_2.dll
stack at sp + 6 slots: 0x000000fe6e4fef50 is pointing into the stack for thread: 0x000002760c9d6a20
stack at sp + 7 slots: 0x00007ff899b99ac4 librdi_common.dll


---------------  P R O C E S S  ---------------

Threads class SMR info:
_java_thread_list=0x000002760c08d760, length=31, elements={
0x000002761e0383f0, 0x000002761f066c00, 0x000002761f0694d0, 0x000002761f072ee0,
0x000002761f0747b0, 0x000002761f075880, 0x000002761f077160, 0x000002761f07b250,
0x000002761f07d770, 0x000002761f07ec90, 0x000002761f2ff670, 0x000002761f2ffb40,
0x0000027617a06260, 0x0000027617a06c00, 0x000002761f146d90, 0x0000027642de6db0,
0x0000027643f326b0, 0x0000027643f32b80, 0x0000027643f30500, 0x0000027643f321e0,
0x0000027643f33050, 0x000002760c9da8b0, 0x000002760c9d6a20, 0x000002760c9d6080,
0x000002760c9d3060, 0x000002760c9d73c0, 0x000002760c9d56e0, 0x000002760c9d5bb0,
0x000002760c9d8bd0, 0x000002760c9d7d60, 0x00000276443fb570
}

Java Threads: ( => current thread )
  0x000002761e0383f0 JavaThread "main" [_thread_blocked, id=8704, stack(0x000000fe62100000,0x000000fe62200000)]
  0x000002761f066c00 JavaThread "Reference Handler" daemon [_thread_blocked, id=9684, stack(0x000000fe62900000,0x000000fe63300000)]
  0x000002761f0694d0 JavaThread "Finalizer" daemon [_thread_blocked, id=7804, stack(0x000000fe63300000,0x000000fe63d00000)]
  0x000002761f072ee0 JavaThread "Signal Dispatcher" daemon [_thread_blocked, id=11744, stack(0x000000fe63d00000,0x000000fe64700000)]
  0x000002761f0747b0 JavaThread "Attach Listener" daemon [_thread_blocked, id=3472, stack(0x000000fe64700000,0x000000fe65100000)]
  0x000002761f075880 JavaThread "Service Thread" daemon [_thread_blocked, id=11724, stack(0x000000fe65100000,0x000000fe65b00000)]
  0x000002761f077160 JavaThread "Monitor Deflation Thread" daemon [_thread_blocked, id=5644, stack(0x000000fe65b00000,0x000000fe66500000)]
  0x000002761f07b250 JavaThread "C2 CompilerThread0" daemon [_thread_blocked, id=6688, stack(0x000000fe66500000,0x000000fe66600000)]
  0x000002761f07d770 JavaThread "C1 CompilerThread0" daemon [_thread_blocked, id=10232, stack(0x000000fe66600000,0x000000fe66700000)]
  0x000002761f07ec90 JavaThread "Sweeper thread" daemon [_thread_blocked, id=12072, stack(0x000000fe66700000,0x000000fe67100000)]
  0x000002761f2ff670 JavaThread "Common-Cleaner" daemon [_thread_blocked, id=11248, stack(0x000000fe67100000,0x000000fe67b00000)]
  0x000002761f2ffb40 JavaThread "Notification Thread" daemon [_thread_blocked, id=11732, stack(0x000000fe67b00000,0x000000fe68500000)]
  0x0000027617a06260 JavaThread "Java2D Disposer" daemon [_thread_blocked, id=2808, stack(0x000000fe68600000,0x000000fe69000000)]
  0x0000027617a06c00 JavaThread "AWT-Windows" daemon [_thread_in_native, id=9532, stack(0x000000fe69a00000,0x000000fe6a400000)]
  0x000002761f146d90 JavaThread "TimerQueue" daemon [_thread_blocked, id=11980, stack(0x000000fe69000000,0x000000fe69a00000)]
  0x0000027642de6db0 JavaThread "AWT-Shutdown" [_thread_blocked, id=8668, stack(0x000000fe6b300000,0x000000fe6bd00000)]
  0x0000027643f326b0 JavaThread "AWT-EventQueue-0" [_thread_blocked, id=12684, stack(0x000000fe6bd00000,0x000000fe6c700000)]
  0x0000027643f32b80 JavaThread "Thread-1" [_thread_in_native, id=14192, stack(0x000000fe60900000,0x000000fe61d00000)]
  0x0000027643f30500 JavaThread "Process Messages Thread" [_thread_blocked, id=7432, stack(0x000000fe6d100000,0x000000fe6db00000)]
  0x0000027643f321e0 JavaThread "Batik CleanerThread" daemon [_thread_blocked, id=1824, stack(0x000000fe6c700000,0x000000fe6d100000)]
  0x0000027643f33050 JavaThread "SyntheticaCleanerThread" daemon [_thread_blocked, id=7284, stack(0x000000fe6e500000,0x000000fe6ef00000)]
  0x000002760c9da8b0 JavaThread "Image Fetcher 0" daemon [_thread_blocked, id=6176, stack(0x000000fe6a800000,0x000000fe6b200000)]
=>0x000002760c9d6a20 JavaThread "NewProject Thread" [_thread_in_native, id=12520, stack(0x000000fe6db00000,0x000000fe6e500000)]
  0x000002760c9d6080 JavaThread "Timer-0" [_thread_blocked, id=1408, stack(0x000000fe6ef00000,0x000000fe6f900000)]
  0x000002760c9d3060 JavaThread "Monitor File Timestamp Swing Worker Thread" [_thread_blocked, id=5052, stack(0x000000fe6f900000,0x000000fe70300000)]
  0x000002760c9d73c0 JavaThread "Monitor HEventQueue Thread" [_thread_blocked, id=10508, stack(0x000000fe70300000,0x000000fe70d00000)]
  0x000002760c9d56e0 JavaThread "SyntheticaAnimation 50" daemon [_thread_blocked, id=12948, stack(0x000000fe70d00000,0x000000fe71700000)]
  0x000002760c9d5bb0 JavaThread "SyntheticaAnimation 25" daemon [_thread_blocked, id=10812, stack(0x000000fe71700000,0x000000fe72100000)]
  0x000002760c9d8bd0 JavaThread "Open Project Thread" [_thread_in_native, id=6444, stack(0x000000fe72100000,0x000000fe72b00000)]
  0x000002760c9d7d60 JavaThread "SyntheticaAnimation 70" daemon [_thread_blocked, id=14080, stack(0x000000fe72b00000,0x000000fe73500000)]
  0x00000276443fb570 JavaThread "C2 CompilerThread1" daemon [_thread_in_native, id=1812, stack(0x000000fe60800000,0x000000fe60900000)]

Other Threads:
  0x000002761c5c1bc0 VMThread "VM Thread" [stack: 0x000000fe62800000,0x000000fe62900000] [id=11052]
  0x000002761d9ad4e0 WatcherThread [stack: 0x000000fe68500000,0x000000fe68600000] [id=1512]
  0x000002761d29f8a0 GCTaskThread "GC Thread#0" [stack: 0x000000fe62200000,0x000000fe62300000] [id=12456]
  0x000002761d2a81b0 GCTaskThread "GC Thread#1" [stack: 0x000000fe6a400000,0x000000fe6a500000] [id=13616]
  0x000002761d2a0360 GCTaskThread "GC Thread#2" [stack: 0x000000fe6a500000,0x000000fe6a600000] [id=9620]
  0x000002761d2a8460 GCTaskThread "GC Thread#3" [stack: 0x000000fe6a600000,0x000000fe6a700000] [id=2016]
  0x000002761d398710 ConcurrentGCThread "G1 Main Marker" [stack: 0x000000fe62300000,0x000000fe62400000] [id=13876]
  0x000002761d2a79a0 ConcurrentGCThread "G1 Conc#0" [stack: 0x000000fe62400000,0x000000fe62500000] [id=9404]
  0x000002761c7d81a0 ConcurrentGCThread "G1 Refine#0" [stack: 0x000000fe62500000,0x000000fe62600000] [id=10884]
  0x000002761c7d7900 ConcurrentGCThread "G1 Refine#1" [stack: 0x000000fe6a700000,0x000000fe6a800000] [id=9944]
  0x000002761df51e90 ConcurrentGCThread "G1 Service" [stack: 0x000000fe62600000,0x000000fe62700000] [id=10284]
  0x000002761d29fb50 ConcurrentGCThread "StringDedupProcessor" [stack: 0x000000fe62700000,0x000000fe62800000] [id=1508]

Threads with active compile tasks:
C2 CompilerThread1    46781 8201 %     4       sun.java2d.marlin.Renderer::_endRendering @ 784 (2480 bytes)

VM state: not at safepoint (normal execution)

VM Mutex/Monitor currently owned by a thread: None

Heap address: 0x0000000701800000, size: 4072 MB, Compressed Oops mode: Zero based, Oop shift amount: 3

CDS archive(s) mapped at: [0x0000000800000000-0x0000000800bc0000-0x0000000800bc0000), size 12320768, SharedBaseAddress: 0x0000000800000000, ArchiveRelocationMode: 0.
Compressed class space mapped at: 0x0000000800c00000-0x0000000840c00000, reserved size: 1073741824
Narrow klass base: 0x0000000800000000, Narrow klass shift: 0, Narrow klass range: 0x100000000

GC Precious Log:
 CPUs: 4 total, 4 available
 Memory: 16321M
 Large Page Support: Disabled
 NUMA Support: Disabled
 Compressed Oops: Enabled (Zero based)
 Heap Region Size: 2M
 Heap Min Capacity: 512M
 Heap Initial Capacity: 512M
 Heap Max Capacity: 4072M
 Pre-touch: Disabled
 Parallel Workers: 4
 Concurrent Workers: 1
 Concurrent Refinement Workers: 4
 Periodic GC: Disabled
 String Deduplication is enabled

Heap:
 garbage-first heap   total 524288K, used 95832K [0x0000000701800000, 0x0000000800000000)
  region size 2048K, 16 young (32768K), 5 survivors (10240K)
 Metaspace       used 55003K, committed 55424K, reserved 1097728K
  class space    used 7409K, committed 7616K, reserved 1048576K

Heap Regions: E=young(eden), S=young(survivor), O=old, HS=humongous(starts), HC=humongous(continues), CS=collection set, F=free, OA=open archive, CA=closed archive, TAMS=top-at-mark-start (previous, next)
|   0|0x0000000701800000, 0x0000000701a00000, 0x0000000701a00000|100%|HS|  |TAMS 0x0000000701a00000, 0x0000000701800000| Complete 
|   1|0x0000000701a00000, 0x0000000701c00000, 0x0000000701c00000|100%| O|  |TAMS 0x0000000701c00000, 0x0000000701a00000| Untracked 
|   2|0x0000000701c00000, 0x0000000701e00000, 0x0000000701e00000|100%| O|  |TAMS 0x0000000701e00000, 0x0000000701c00000| Untracked 
|   3|0x0000000701e00000, 0x0000000702000000, 0x0000000702000000|100%| O|  |TAMS 0x0000000702000000, 0x0000000701e00000| Untracked 
|   4|0x0000000702000000, 0x0000000702200000, 0x0000000702200000|100%| O|  |TAMS 0x0000000702200000, 0x0000000702000000| Untracked 
|   5|0x0000000702200000, 0x0000000702400000, 0x0000000702400000|100%| O|  |TAMS 0x0000000702400000, 0x0000000702200000| Untracked 
|   6|0x0000000702400000, 0x0000000702600000, 0x0000000702600000|100%| O|  |TAMS 0x0000000702600000, 0x0000000702400000| Untracked 
|   7|0x0000000702600000, 0x0000000702800000, 0x0000000702800000|100%| O|  |TAMS 0x0000000702800000, 0x0000000702600000| Untracked 
|   8|0x0000000702800000, 0x0000000702a00000, 0x0000000702a00000|100%| O|  |TAMS 0x0000000702a00000, 0x0000000702800000| Untracked 
|   9|0x0000000702a00000, 0x0000000702c00000, 0x0000000702c00000|100%| O|  |TAMS 0x0000000702c00000, 0x0000000702a00000| Untracked 
|  10|0x0000000702c00000, 0x0000000702c72200, 0x0000000702e00000| 22%| O|  |TAMS 0x0000000702c72200, 0x0000000702c00000| Untracked 
|  11|0x0000000702e00000, 0x0000000703000000, 0x0000000703000000|100%| O|  |TAMS 0x0000000702e00000, 0x0000000702e00000| Untracked 
|  12|0x0000000703000000, 0x0000000703200000, 0x0000000703200000|100%| O|  |TAMS 0x0000000703000000, 0x0000000703000000| Untracked 
|  13|0x0000000703200000, 0x0000000703400000, 0x0000000703400000|100%| O|  |TAMS 0x0000000703200000, 0x0000000703200000| Untracked 
|  14|0x0000000703400000, 0x0000000703600000, 0x0000000703600000|100%| O|  |TAMS 0x0000000703400000, 0x0000000703400000| Untracked 
|  15|0x0000000703600000, 0x0000000703800000, 0x0000000703800000|100%| O|  |TAMS 0x0000000703600000, 0x0000000703600000| Untracked 
|  16|0x0000000703800000, 0x0000000703a00000, 0x0000000703a00000|100%|HS|  |TAMS 0x0000000703a00000, 0x0000000703800000| Complete 
|  17|0x0000000703a00000, 0x0000000703c00000, 0x0000000703c00000|100%|HC|  |TAMS 0x0000000703c00000, 0x0000000703a00000| Complete 
|  18|0x0000000703c00000, 0x0000000703e00000, 0x0000000703e00000|100%|HC|  |TAMS 0x0000000703e00000, 0x0000000703c00000| Complete 
|  19|0x0000000703e00000, 0x0000000704000000, 0x0000000704000000|100%|HC|  |TAMS 0x0000000704000000, 0x0000000703e00000| Complete 
|  20|0x0000000704000000, 0x0000000704200000, 0x0000000704200000|100%|HC|  |TAMS 0x0000000704200000, 0x0000000704000000| Complete 
|  21|0x0000000704200000, 0x0000000704400000, 0x0000000704400000|100%|HC|  |TAMS 0x0000000704400000, 0x0000000704200000| Complete 
|  22|0x0000000704400000, 0x0000000704600000, 0x0000000704600000|100%| O|  |TAMS 0x0000000704400000, 0x0000000704400000| Untracked 
|  23|0x0000000704600000, 0x0000000704800000, 0x0000000704800000|100%|HS|  |TAMS 0x0000000704600000, 0x0000000704600000| Complete 
|  24|0x0000000704800000, 0x0000000704a00000, 0x0000000704a00000|100%|HC|  |TAMS 0x0000000704800000, 0x0000000704800000| Complete 
|  25|0x0000000704a00000, 0x0000000704c00000, 0x0000000704c00000|100%|HC|  |TAMS 0x0000000704a00000, 0x0000000704a00000| Complete 
|  26|0x0000000704c00000, 0x0000000704e00000, 0x0000000704e00000|100%|HC|  |TAMS 0x0000000704c00000, 0x0000000704c00000| Complete 
|  27|0x0000000704e00000, 0x0000000705000000, 0x0000000705000000|100%| O|  |TAMS 0x0000000704e00000, 0x0000000704e00000| Untracked 
|  28|0x0000000705000000, 0x0000000705200000, 0x0000000705200000|100%| O|  |TAMS 0x0000000705000000, 0x0000000705000000| Untracked 
|  29|0x0000000705200000, 0x0000000705400000, 0x0000000705400000|100%| O|  |TAMS 0x0000000705200000, 0x0000000705200000| Untracked 
|  30|0x0000000705400000, 0x0000000705523e00, 0x0000000705600000| 57%| O|  |TAMS 0x0000000705400000, 0x0000000705400000| Untracked 
|  31|0x0000000705600000, 0x0000000705600000, 0x0000000705800000|  0%| F|  |TAMS 0x0000000705600000, 0x0000000705600000| Untracked 
|  32|0x0000000705800000, 0x0000000705800000, 0x0000000705a00000|  0%| F|  |TAMS 0x0000000705800000, 0x0000000705800000| Untracked 
|  33|0x0000000705a00000, 0x0000000705a00000, 0x0000000705c00000|  0%| F|  |TAMS 0x0000000705a00000, 0x0000000705a00000| Untracked 
|  34|0x0000000705c00000, 0x0000000705e00000, 0x0000000705e00000|100%| O|  |TAMS 0x0000000705c00000, 0x0000000705c00000| Untracked 
|  35|0x0000000705e00000, 0x0000000706000000, 0x0000000706000000|100%| O|  |TAMS 0x0000000705e00000, 0x0000000705e00000| Untracked 
|  36|0x0000000706000000, 0x0000000706000000, 0x0000000706200000|  0%| F|  |TAMS 0x0000000706000000, 0x0000000706000000| Untracked 
|  37|0x0000000706200000, 0x0000000706200000, 0x0000000706400000|  0%| F|  |TAMS 0x0000000706200000, 0x0000000706200000| Untracked 
|  38|0x0000000706400000, 0x0000000706400000, 0x0000000706600000|  0%| F|  |TAMS 0x0000000706400000, 0x0000000706400000| Untracked 
|  39|0x0000000706600000, 0x0000000706600000, 0x0000000706800000|  0%| F|  |TAMS 0x0000000706600000, 0x0000000706600000| Untracked 
|  40|0x0000000706800000, 0x0000000706800000, 0x0000000706a00000|  0%| F|  |TAMS 0x0000000706800000, 0x0000000706800000| Untracked 
|  41|0x0000000706a00000, 0x0000000706a00000, 0x0000000706c00000|  0%| F|  |TAMS 0x0000000706a00000, 0x0000000706a00000| Untracked 
|  42|0x0000000706c00000, 0x0000000706c00000, 0x0000000706e00000|  0%| F|  |TAMS 0x0000000706c00000, 0x0000000706c00000| Untracked 
|  43|0x0000000706e00000, 0x0000000706e00000, 0x0000000707000000|  0%| F|  |TAMS 0x0000000706e00000, 0x0000000706e00000| Untracked 
|  44|0x0000000707000000, 0x0000000707000000, 0x0000000707200000|  0%| F|  |TAMS 0x0000000707000000, 0x0000000707000000| Untracked 
|  45|0x0000000707200000, 0x0000000707200000, 0x0000000707400000|  0%| F|  |TAMS 0x0000000707200000, 0x0000000707200000| Untracked 
|  46|0x0000000707400000, 0x0000000707400000, 0x0000000707600000|  0%| F|  |TAMS 0x0000000707400000, 0x0000000707400000| Untracked 
|  47|0x0000000707600000, 0x0000000707600000, 0x0000000707800000|  0%| F|  |TAMS 0x0000000707600000, 0x0000000707600000| Untracked 
|  48|0x0000000707800000, 0x0000000707800000, 0x0000000707a00000|  0%| F|  |TAMS 0x0000000707800000, 0x0000000707800000| Untracked 
|  49|0x0000000707a00000, 0x0000000707a00000, 0x0000000707c00000|  0%| F|  |TAMS 0x0000000707a00000, 0x0000000707a00000| Untracked 
|  50|0x0000000707c00000, 0x0000000707c00000, 0x0000000707e00000|  0%| F|  |TAMS 0x0000000707c00000, 0x0000000707c00000| Untracked 
|  51|0x0000000707e00000, 0x0000000707e00000, 0x0000000708000000|  0%| F|  |TAMS 0x0000000707e00000, 0x0000000707e00000| Untracked 
|  52|0x0000000708000000, 0x0000000708000000, 0x0000000708200000|  0%| F|  |TAMS 0x0000000708000000, 0x0000000708000000| Untracked 
|  53|0x0000000708200000, 0x0000000708200000, 0x0000000708400000|  0%| F|  |TAMS 0x0000000708200000, 0x0000000708200000| Untracked 
|  54|0x0000000708400000, 0x0000000708400000, 0x0000000708600000|  0%| F|  |TAMS 0x0000000708400000, 0x0000000708400000| Untracked 
|  55|0x0000000708600000, 0x0000000708600000, 0x0000000708800000|  0%| F|  |TAMS 0x0000000708600000, 0x0000000708600000| Untracked 
|  56|0x0000000708800000, 0x0000000708800000, 0x0000000708a00000|  0%| F|  |TAMS 0x0000000708800000, 0x0000000708800000| Untracked 
|  57|0x0000000708a00000, 0x0000000708a00000, 0x0000000708c00000|  0%| F|  |TAMS 0x0000000708a00000, 0x0000000708a00000| Untracked 
|  58|0x0000000708c00000, 0x0000000708c00000, 0x0000000708e00000|  0%| F|  |TAMS 0x0000000708c00000, 0x0000000708c00000| Untracked 
|  59|0x0000000708e00000, 0x0000000708e00000, 0x0000000709000000|  0%| F|  |TAMS 0x0000000708e00000, 0x0000000708e00000| Untracked 
|  60|0x0000000709000000, 0x0000000709000000, 0x0000000709200000|  0%| F|  |TAMS 0x0000000709000000, 0x0000000709000000| Untracked 
|  61|0x0000000709200000, 0x0000000709200000, 0x0000000709400000|  0%| F|  |TAMS 0x0000000709200000, 0x0000000709200000| Untracked 
|  62|0x0000000709400000, 0x0000000709400000, 0x0000000709600000|  0%| F|  |TAMS 0x0000000709400000, 0x0000000709400000| Untracked 
|  63|0x0000000709600000, 0x0000000709600000, 0x0000000709800000|  0%| F|  |TAMS 0x0000000709600000, 0x0000000709600000| Untracked 
|  64|0x0000000709800000, 0x0000000709800000, 0x0000000709a00000|  0%| F|  |TAMS 0x0000000709800000, 0x0000000709800000| Untracked 
|  65|0x0000000709a00000, 0x0000000709a00000, 0x0000000709c00000|  0%| F|  |TAMS 0x0000000709a00000, 0x0000000709a00000| Untracked 
|  66|0x0000000709c00000, 0x0000000709c00000, 0x0000000709e00000|  0%| F|  |TAMS 0x0000000709c00000, 0x0000000709c00000| Untracked 
|  67|0x0000000709e00000, 0x0000000709e00000, 0x000000070a000000|  0%| F|  |TAMS 0x0000000709e00000, 0x0000000709e00000| Untracked 
|  68|0x000000070a000000, 0x000000070a000000, 0x000000070a200000|  0%| F|  |TAMS 0x000000070a000000, 0x000000070a000000| Untracked 
|  69|0x000000070a200000, 0x000000070a200000, 0x000000070a400000|  0%| F|  |TAMS 0x000000070a200000, 0x000000070a200000| Untracked 
|  70|0x000000070a400000, 0x000000070a400000, 0x000000070a600000|  0%| F|  |TAMS 0x000000070a400000, 0x000000070a400000| Untracked 
|  71|0x000000070a600000, 0x000000070a600000, 0x000000070a800000|  0%| F|  |TAMS 0x000000070a600000, 0x000000070a600000| Untracked 
|  72|0x000000070a800000, 0x000000070a800000, 0x000000070aa00000|  0%| F|  |TAMS 0x000000070a800000, 0x000000070a800000| Untracked 
|  73|0x000000070aa00000, 0x000000070aa00000, 0x000000070ac00000|  0%| F|  |TAMS 0x000000070aa00000, 0x000000070aa00000| Untracked 
|  74|0x000000070ac00000, 0x000000070ac00000, 0x000000070ae00000|  0%| F|  |TAMS 0x000000070ac00000, 0x000000070ac00000| Untracked 
|  75|0x000000070ae00000, 0x000000070ae00000, 0x000000070b000000|  0%| F|  |TAMS 0x000000070ae00000, 0x000000070ae00000| Untracked 
|  76|0x000000070b000000, 0x000000070b000000, 0x000000070b200000|  0%| F|  |TAMS 0x000000070b000000, 0x000000070b000000| Untracked 
|  77|0x000000070b200000, 0x000000070b200000, 0x000000070b400000|  0%| F|  |TAMS 0x000000070b200000, 0x000000070b200000| Untracked 
|  78|0x000000070b400000, 0x000000070b400000, 0x000000070b600000|  0%| F|  |TAMS 0x000000070b400000, 0x000000070b400000| Untracked 
|  79|0x000000070b600000, 0x000000070b600000, 0x000000070b800000|  0%| F|  |TAMS 0x000000070b600000, 0x000000070b600000| Untracked 
|  80|0x000000070b800000, 0x000000070b800000, 0x000000070ba00000|  0%| F|  |TAMS 0x000000070b800000, 0x000000070b800000| Untracked 
|  81|0x000000070ba00000, 0x000000070ba00000, 0x000000070bc00000|  0%| F|  |TAMS 0x000000070ba00000, 0x000000070ba00000| Untracked 
|  82|0x000000070bc00000, 0x000000070bc00000, 0x000000070be00000|  0%| F|  |TAMS 0x000000070bc00000, 0x000000070bc00000| Untracked 
|  83|0x000000070be00000, 0x000000070be00000, 0x000000070c000000|  0%| F|  |TAMS 0x000000070be00000, 0x000000070be00000| Untracked 
|  84|0x000000070c000000, 0x000000070c000000, 0x000000070c200000|  0%| F|  |TAMS 0x000000070c000000, 0x000000070c000000| Untracked 
|  85|0x000000070c200000, 0x000000070c200000, 0x000000070c400000|  0%| F|  |TAMS 0x000000070c200000, 0x000000070c200000| Untracked 
|  86|0x000000070c400000, 0x000000070c400000, 0x000000070c600000|  0%| F|  |TAMS 0x000000070c400000, 0x000000070c400000| Untracked 
|  87|0x000000070c600000, 0x000000070c600000, 0x000000070c800000|  0%| F|  |TAMS 0x000000070c600000, 0x000000070c600000| Untracked 
|  88|0x000000070c800000, 0x000000070c800000, 0x000000070ca00000|  0%| F|  |TAMS 0x000000070c800000, 0x000000070c800000| Untracked 
|  89|0x000000070ca00000, 0x000000070ca00000, 0x000000070cc00000|  0%| F|  |TAMS 0x000000070ca00000, 0x000000070ca00000| Untracked 
|  90|0x000000070cc00000, 0x000000070cc00000, 0x000000070ce00000|  0%| F|  |TAMS 0x000000070cc00000, 0x000000070cc00000| Untracked 
|  91|0x000000070ce00000, 0x000000070ce00000, 0x000000070d000000|  0%| F|  |TAMS 0x000000070ce00000, 0x000000070ce00000| Untracked 
|  92|0x000000070d000000, 0x000000070d000000, 0x000000070d200000|  0%| F|  |TAMS 0x000000070d000000, 0x000000070d000000| Untracked 
|  93|0x000000070d200000, 0x000000070d200000, 0x000000070d400000|  0%| F|  |TAMS 0x000000070d200000, 0x000000070d200000| Untracked 
|  94|0x000000070d400000, 0x000000070d400000, 0x000000070d600000|  0%| F|  |TAMS 0x000000070d400000, 0x000000070d400000| Untracked 
|  95|0x000000070d600000, 0x000000070d600000, 0x000000070d800000|  0%| F|  |TAMS 0x000000070d600000, 0x000000070d600000| Untracked 
|  96|0x000000070d800000, 0x000000070d800000, 0x000000070da00000|  0%| F|  |TAMS 0x000000070d800000, 0x000000070d800000| Untracked 
|  97|0x000000070da00000, 0x000000070da00000, 0x000000070dc00000|  0%| F|  |TAMS 0x000000070da00000, 0x000000070da00000| Untracked 
|  98|0x000000070dc00000, 0x000000070dc00000, 0x000000070de00000|  0%| F|  |TAMS 0x000000070dc00000, 0x000000070dc00000| Untracked 
|  99|0x000000070de00000, 0x000000070de00000, 0x000000070e000000|  0%| F|  |TAMS 0x000000070de00000, 0x000000070de00000| Untracked 
| 100|0x000000070e000000, 0x000000070e000000, 0x000000070e200000|  0%| F|  |TAMS 0x000000070e000000, 0x000000070e000000| Untracked 
| 101|0x000000070e200000, 0x000000070e200000, 0x000000070e400000|  0%| F|  |TAMS 0x000000070e200000, 0x000000070e200000| Untracked 
| 102|0x000000070e400000, 0x000000070e400000, 0x000000070e600000|  0%| F|  |TAMS 0x000000070e400000, 0x000000070e400000| Untracked 
| 103|0x000000070e600000, 0x000000070e600000, 0x000000070e800000|  0%| F|  |TAMS 0x000000070e600000, 0x000000070e600000| Untracked 
| 104|0x000000070e800000, 0x000000070e800000, 0x000000070ea00000|  0%| F|  |TAMS 0x000000070e800000, 0x000000070e800000| Untracked 
| 105|0x000000070ea00000, 0x000000070ea00000, 0x000000070ec00000|  0%| F|  |TAMS 0x000000070ea00000, 0x000000070ea00000| Untracked 
| 106|0x000000070ec00000, 0x000000070ec00000, 0x000000070ee00000|  0%| F|  |TAMS 0x000000070ec00000, 0x000000070ec00000| Untracked 
| 107|0x000000070ee00000, 0x000000070ee00000, 0x000000070f000000|  0%| F|  |TAMS 0x000000070ee00000, 0x000000070ee00000| Untracked 
| 108|0x000000070f000000, 0x000000070f000000, 0x000000070f200000|  0%| F|  |TAMS 0x000000070f000000, 0x000000070f000000| Untracked 
| 109|0x000000070f200000, 0x000000070f200000, 0x000000070f400000|  0%| F|  |TAMS 0x000000070f200000, 0x000000070f200000| Untracked 
| 110|0x000000070f400000, 0x000000070f400000, 0x000000070f600000|  0%| F|  |TAMS 0x000000070f400000, 0x000000070f400000| Untracked 
| 111|0x000000070f600000, 0x000000070f600000, 0x000000070f800000|  0%| F|  |TAMS 0x000000070f600000, 0x000000070f600000| Untracked 
| 112|0x000000070f800000, 0x000000070f800000, 0x000000070fa00000|  0%| F|  |TAMS 0x000000070f800000, 0x000000070f800000| Untracked 
| 113|0x000000070fa00000, 0x000000070fa00000, 0x000000070fc00000|  0%| F|  |TAMS 0x000000070fa00000, 0x000000070fa00000| Untracked 
| 114|0x000000070fc00000, 0x000000070fc00000, 0x000000070fe00000|  0%| F|  |TAMS 0x000000070fc00000, 0x000000070fc00000| Untracked 
| 115|0x000000070fe00000, 0x000000070fe00000, 0x0000000710000000|  0%| F|  |TAMS 0x000000070fe00000, 0x000000070fe00000| Untracked 
| 116|0x0000000710000000, 0x0000000710000000, 0x0000000710200000|  0%| F|  |TAMS 0x0000000710000000, 0x0000000710000000| Untracked 
| 117|0x0000000710200000, 0x0000000710200000, 0x0000000710400000|  0%| F|  |TAMS 0x0000000710200000, 0x0000000710200000| Untracked 
| 118|0x0000000710400000, 0x0000000710400000, 0x0000000710600000|  0%| F|  |TAMS 0x0000000710400000, 0x0000000710400000| Untracked 
| 119|0x0000000710600000, 0x0000000710600000, 0x0000000710800000|  0%| F|  |TAMS 0x0000000710600000, 0x0000000710600000| Untracked 
| 120|0x0000000710800000, 0x0000000710800000, 0x0000000710a00000|  0%| F|  |TAMS 0x0000000710800000, 0x0000000710800000| Untracked 
| 121|0x0000000710a00000, 0x0000000710a00000, 0x0000000710c00000|  0%| F|  |TAMS 0x0000000710a00000, 0x0000000710a00000| Untracked 
| 122|0x0000000710c00000, 0x0000000710c00000, 0x0000000710e00000|  0%| F|  |TAMS 0x0000000710c00000, 0x0000000710c00000| Untracked 
| 123|0x0000000710e00000, 0x0000000710e00000, 0x0000000711000000|  0%| F|  |TAMS 0x0000000710e00000, 0x0000000710e00000| Untracked 
| 124|0x0000000711000000, 0x0000000711000000, 0x0000000711200000|  0%| F|  |TAMS 0x0000000711000000, 0x0000000711000000| Untracked 
| 125|0x0000000711200000, 0x0000000711200000, 0x0000000711400000|  0%| F|  |TAMS 0x0000000711200000, 0x0000000711200000| Untracked 
| 126|0x0000000711400000, 0x0000000711400000, 0x0000000711600000|  0%| F|  |TAMS 0x0000000711400000, 0x0000000711400000| Untracked 
| 127|0x0000000711600000, 0x0000000711600000, 0x0000000711800000|  0%| F|  |TAMS 0x0000000711600000, 0x0000000711600000| Untracked 
| 128|0x0000000711800000, 0x0000000711800000, 0x0000000711a00000|  0%| F|  |TAMS 0x0000000711800000, 0x0000000711800000| Untracked 
| 129|0x0000000711a00000, 0x0000000711a00000, 0x0000000711c00000|  0%| F|  |TAMS 0x0000000711a00000, 0x0000000711a00000| Untracked 
| 130|0x0000000711c00000, 0x0000000711c00000, 0x0000000711e00000|  0%| F|  |TAMS 0x0000000711c00000, 0x0000000711c00000| Untracked 
| 131|0x0000000711e00000, 0x0000000711e00000, 0x0000000712000000|  0%| F|  |TAMS 0x0000000711e00000, 0x0000000711e00000| Untracked 
| 132|0x0000000712000000, 0x0000000712000000, 0x0000000712200000|  0%| F|  |TAMS 0x0000000712000000, 0x0000000712000000| Untracked 
| 133|0x0000000712200000, 0x0000000712200000, 0x0000000712400000|  0%| F|  |TAMS 0x0000000712200000, 0x0000000712200000| Untracked 
| 134|0x0000000712400000, 0x0000000712400000, 0x0000000712600000|  0%| F|  |TAMS 0x0000000712400000, 0x0000000712400000| Untracked 
| 135|0x0000000712600000, 0x0000000712600000, 0x0000000712800000|  0%| F|  |TAMS 0x0000000712600000, 0x0000000712600000| Untracked 
| 136|0x0000000712800000, 0x0000000712800000, 0x0000000712a00000|  0%| F|  |TAMS 0x0000000712800000, 0x0000000712800000| Untracked 
| 137|0x0000000712a00000, 0x0000000712a00000, 0x0000000712c00000|  0%| F|  |TAMS 0x0000000712a00000, 0x0000000712a00000| Untracked 
| 138|0x0000000712c00000, 0x0000000712c00000, 0x0000000712e00000|  0%| F|  |TAMS 0x0000000712c00000, 0x0000000712c00000| Untracked 
| 139|0x0000000712e00000, 0x0000000712e00000, 0x0000000713000000|  0%| F|  |TAMS 0x0000000712e00000, 0x0000000712e00000| Untracked 
| 140|0x0000000713000000, 0x0000000713000000, 0x0000000713200000|  0%| F|  |TAMS 0x0000000713000000, 0x0000000713000000| Untracked 
| 141|0x0000000713200000, 0x0000000713200000, 0x0000000713400000|  0%| F|  |TAMS 0x0000000713200000, 0x0000000713200000| Untracked 
| 142|0x0000000713400000, 0x0000000713400000, 0x0000000713600000|  0%| F|  |TAMS 0x0000000713400000, 0x0000000713400000| Untracked 
| 143|0x0000000713600000, 0x0000000713600000, 0x0000000713800000|  0%| F|  |TAMS 0x0000000713600000, 0x0000000713600000| Untracked 
| 144|0x0000000713800000, 0x0000000713800000, 0x0000000713a00000|  0%| F|  |TAMS 0x0000000713800000, 0x0000000713800000| Untracked 
| 145|0x0000000713a00000, 0x0000000713a00000, 0x0000000713c00000|  0%| F|  |TAMS 0x0000000713a00000, 0x0000000713a00000| Untracked 
| 146|0x0000000713c00000, 0x0000000713c00000, 0x0000000713e00000|  0%| F|  |TAMS 0x0000000713c00000, 0x0000000713c00000| Untracked 
| 147|0x0000000713e00000, 0x0000000713e00000, 0x0000000714000000|  0%| F|  |TAMS 0x0000000713e00000, 0x0000000713e00000| Untracked 
| 148|0x0000000714000000, 0x0000000714000000, 0x0000000714200000|  0%| F|  |TAMS 0x0000000714000000, 0x0000000714000000| Untracked 
| 149|0x0000000714200000, 0x0000000714200000, 0x0000000714400000|  0%| F|  |TAMS 0x0000000714200000, 0x0000000714200000| Untracked 
| 150|0x0000000714400000, 0x0000000714400000, 0x0000000714600000|  0%| F|  |TAMS 0x0000000714400000, 0x0000000714400000| Untracked 
| 151|0x0000000714600000, 0x0000000714600000, 0x0000000714800000|  0%| F|  |TAMS 0x0000000714600000, 0x0000000714600000| Untracked 
| 152|0x0000000714800000, 0x0000000714800000, 0x0000000714a00000|  0%| F|  |TAMS 0x0000000714800000, 0x0000000714800000| Untracked 
| 153|0x0000000714a00000, 0x0000000714a00000, 0x0000000714c00000|  0%| F|  |TAMS 0x0000000714a00000, 0x0000000714a00000| Untracked 
| 154|0x0000000714c00000, 0x0000000714c00000, 0x0000000714e00000|  0%| F|  |TAMS 0x0000000714c00000, 0x0000000714c00000| Untracked 
| 155|0x0000000714e00000, 0x0000000714e00000, 0x0000000715000000|  0%| F|  |TAMS 0x0000000714e00000, 0x0000000714e00000| Untracked 
| 156|0x0000000715000000, 0x0000000715000000, 0x0000000715200000|  0%| F|  |TAMS 0x0000000715000000, 0x0000000715000000| Untracked 
| 157|0x0000000715200000, 0x0000000715200000, 0x0000000715400000|  0%| F|  |TAMS 0x0000000715200000, 0x0000000715200000| Untracked 
| 158|0x0000000715400000, 0x0000000715400000, 0x0000000715600000|  0%| F|  |TAMS 0x0000000715400000, 0x0000000715400000| Untracked 
| 159|0x0000000715600000, 0x0000000715600000, 0x0000000715800000|  0%| F|  |TAMS 0x0000000715600000, 0x0000000715600000| Untracked 
| 160|0x0000000715800000, 0x0000000715800000, 0x0000000715a00000|  0%| F|  |TAMS 0x0000000715800000, 0x0000000715800000| Untracked 
| 161|0x0000000715a00000, 0x0000000715a00000, 0x0000000715c00000|  0%| F|  |TAMS 0x0000000715a00000, 0x0000000715a00000| Untracked 
| 162|0x0000000715c00000, 0x0000000715c00000, 0x0000000715e00000|  0%| F|  |TAMS 0x0000000715c00000, 0x0000000715c00000| Untracked 
| 163|0x0000000715e00000, 0x0000000715e00000, 0x0000000716000000|  0%| F|  |TAMS 0x0000000715e00000, 0x0000000715e00000| Untracked 
| 164|0x0000000716000000, 0x0000000716000000, 0x0000000716200000|  0%| F|  |TAMS 0x0000000716000000, 0x0000000716000000| Untracked 
| 165|0x0000000716200000, 0x0000000716200000, 0x0000000716400000|  0%| F|  |TAMS 0x0000000716200000, 0x0000000716200000| Untracked 
| 166|0x0000000716400000, 0x0000000716400000, 0x0000000716600000|  0%| F|  |TAMS 0x0000000716400000, 0x0000000716400000| Untracked 
| 167|0x0000000716600000, 0x0000000716600000, 0x0000000716800000|  0%| F|  |TAMS 0x0000000716600000, 0x0000000716600000| Untracked 
| 168|0x0000000716800000, 0x0000000716800000, 0x0000000716a00000|  0%| F|  |TAMS 0x0000000716800000, 0x0000000716800000| Untracked 
| 169|0x0000000716a00000, 0x0000000716a00000, 0x0000000716c00000|  0%| F|  |TAMS 0x0000000716a00000, 0x0000000716a00000| Untracked 
| 170|0x0000000716c00000, 0x0000000716c00000, 0x0000000716e00000|  0%| F|  |TAMS 0x0000000716c00000, 0x0000000716c00000| Untracked 
| 171|0x0000000716e00000, 0x0000000716e00000, 0x0000000717000000|  0%| F|  |TAMS 0x0000000716e00000, 0x0000000716e00000| Untracked 
| 172|0x0000000717000000, 0x0000000717000000, 0x0000000717200000|  0%| F|  |TAMS 0x0000000717000000, 0x0000000717000000| Untracked 
| 173|0x0000000717200000, 0x0000000717200000, 0x0000000717400000|  0%| F|  |TAMS 0x0000000717200000, 0x0000000717200000| Untracked 
| 174|0x0000000717400000, 0x0000000717400000, 0x0000000717600000|  0%| F|  |TAMS 0x0000000717400000, 0x0000000717400000| Untracked 
| 175|0x0000000717600000, 0x0000000717600000, 0x0000000717800000|  0%| F|  |TAMS 0x0000000717600000, 0x0000000717600000| Untracked 
| 176|0x0000000717800000, 0x0000000717800000, 0x0000000717a00000|  0%| F|  |TAMS 0x0000000717800000, 0x0000000717800000| Untracked 
| 177|0x0000000717a00000, 0x0000000717a00000, 0x0000000717c00000|  0%| F|  |TAMS 0x0000000717a00000, 0x0000000717a00000| Untracked 
| 178|0x0000000717c00000, 0x0000000717c00000, 0x0000000717e00000|  0%| F|  |TAMS 0x0000000717c00000, 0x0000000717c00000| Untracked 
| 179|0x0000000717e00000, 0x0000000717e00000, 0x0000000718000000|  0%| F|  |TAMS 0x0000000717e00000, 0x0000000717e00000| Untracked 
| 180|0x0000000718000000, 0x0000000718000000, 0x0000000718200000|  0%| F|  |TAMS 0x0000000718000000, 0x0000000718000000| Untracked 
| 181|0x0000000718200000, 0x0000000718200000, 0x0000000718400000|  0%| F|  |TAMS 0x0000000718200000, 0x0000000718200000| Untracked 
| 182|0x0000000718400000, 0x0000000718400000, 0x0000000718600000|  0%| F|  |TAMS 0x0000000718400000, 0x0000000718400000| Untracked 
| 183|0x0000000718600000, 0x0000000718600000, 0x0000000718800000|  0%| F|  |TAMS 0x0000000718600000, 0x0000000718600000| Untracked 
| 184|0x0000000718800000, 0x0000000718800000, 0x0000000718a00000|  0%| F|  |TAMS 0x0000000718800000, 0x0000000718800000| Untracked 
| 185|0x0000000718a00000, 0x0000000718a00000, 0x0000000718c00000|  0%| F|  |TAMS 0x0000000718a00000, 0x0000000718a00000| Untracked 
| 186|0x0000000718c00000, 0x0000000718c00000, 0x0000000718e00000|  0%| F|  |TAMS 0x0000000718c00000, 0x0000000718c00000| Untracked 
| 187|0x0000000718e00000, 0x0000000718e00000, 0x0000000719000000|  0%| F|  |TAMS 0x0000000718e00000, 0x0000000718e00000| Untracked 
| 188|0x0000000719000000, 0x0000000719000000, 0x0000000719200000|  0%| F|  |TAMS 0x0000000719000000, 0x0000000719000000| Untracked 
| 189|0x0000000719200000, 0x0000000719200000, 0x0000000719400000|  0%| F|  |TAMS 0x0000000719200000, 0x0000000719200000| Untracked 
| 190|0x0000000719400000, 0x0000000719400000, 0x0000000719600000|  0%| F|  |TAMS 0x0000000719400000, 0x0000000719400000| Untracked 
| 191|0x0000000719600000, 0x0000000719600000, 0x0000000719800000|  0%| F|  |TAMS 0x0000000719600000, 0x0000000719600000| Untracked 
| 192|0x0000000719800000, 0x0000000719800000, 0x0000000719a00000|  0%| F|  |TAMS 0x0000000719800000, 0x0000000719800000| Untracked 
| 193|0x0000000719a00000, 0x0000000719a00000, 0x0000000719c00000|  0%| F|  |TAMS 0x0000000719a00000, 0x0000000719a00000| Untracked 
| 194|0x0000000719c00000, 0x0000000719c00000, 0x0000000719e00000|  0%| F|  |TAMS 0x0000000719c00000, 0x0000000719c00000| Untracked 
| 195|0x0000000719e00000, 0x0000000719e00000, 0x000000071a000000|  0%| F|  |TAMS 0x0000000719e00000, 0x0000000719e00000| Untracked 
| 196|0x000000071a000000, 0x000000071a000000, 0x000000071a200000|  0%| F|  |TAMS 0x000000071a000000, 0x000000071a000000| Untracked 
| 197|0x000000071a200000, 0x000000071a200000, 0x000000071a400000|  0%| F|  |TAMS 0x000000071a200000, 0x000000071a200000| Untracked 
| 198|0x000000071a400000, 0x000000071a400000, 0x000000071a600000|  0%| F|  |TAMS 0x000000071a400000, 0x000000071a400000| Untracked 
| 199|0x000000071a600000, 0x000000071a600000, 0x000000071a800000|  0%| F|  |TAMS 0x000000071a600000, 0x000000071a600000| Untracked 
| 200|0x000000071a800000, 0x000000071a800000, 0x000000071aa00000|  0%| F|  |TAMS 0x000000071a800000, 0x000000071a800000| Untracked 
| 201|0x000000071aa00000, 0x000000071aa00000, 0x000000071ac00000|  0%| F|  |TAMS 0x000000071aa00000, 0x000000071aa00000| Untracked 
| 202|0x000000071ac00000, 0x000000071ac00000, 0x000000071ae00000|  0%| F|  |TAMS 0x000000071ac00000, 0x000000071ac00000| Untracked 
| 203|0x000000071ae00000, 0x000000071ae00000, 0x000000071b000000|  0%| F|  |TAMS 0x000000071ae00000, 0x000000071ae00000| Untracked 
| 204|0x000000071b000000, 0x000000071b000000, 0x000000071b200000|  0%| F|  |TAMS 0x000000071b000000, 0x000000071b000000| Untracked 
| 205|0x000000071b200000, 0x000000071b200000, 0x000000071b400000|  0%| F|  |TAMS 0x000000071b200000, 0x000000071b200000| Untracked 
| 206|0x000000071b400000, 0x000000071b400000, 0x000000071b600000|  0%| F|  |TAMS 0x000000071b400000, 0x000000071b400000| Untracked 
| 207|0x000000071b600000, 0x000000071b600000, 0x000000071b800000|  0%| F|  |TAMS 0x000000071b600000, 0x000000071b600000| Untracked 
| 208|0x000000071b800000, 0x000000071b800000, 0x000000071ba00000|  0%| F|  |TAMS 0x000000071b800000, 0x000000071b800000| Untracked 
| 209|0x000000071ba00000, 0x000000071ba00000, 0x000000071bc00000|  0%| F|  |TAMS 0x000000071ba00000, 0x000000071ba00000| Untracked 
| 210|0x000000071bc00000, 0x000000071bc00000, 0x000000071be00000|  0%| F|  |TAMS 0x000000071bc00000, 0x000000071bc00000| Untracked 
| 211|0x000000071be00000, 0x000000071be00000, 0x000000071c000000|  0%| F|  |TAMS 0x000000071be00000, 0x000000071be00000| Untracked 
| 212|0x000000071c000000, 0x000000071c000000, 0x000000071c200000|  0%| F|  |TAMS 0x000000071c000000, 0x000000071c000000| Untracked 
| 213|0x000000071c200000, 0x000000071c200000, 0x000000071c400000|  0%| F|  |TAMS 0x000000071c200000, 0x000000071c200000| Untracked 
| 214|0x000000071c400000, 0x000000071c400000, 0x000000071c600000|  0%| F|  |TAMS 0x000000071c400000, 0x000000071c400000| Untracked 
| 215|0x000000071c600000, 0x000000071c600000, 0x000000071c800000|  0%| F|  |TAMS 0x000000071c600000, 0x000000071c600000| Untracked 
| 216|0x000000071c800000, 0x000000071ca00000, 0x000000071ca00000|100%| S|CS|TAMS 0x000000071c800000, 0x000000071c800000| Complete 
| 217|0x000000071ca00000, 0x000000071cc00000, 0x000000071cc00000|100%| S|CS|TAMS 0x000000071ca00000, 0x000000071ca00000| Complete 
| 218|0x000000071cc00000, 0x000000071ce00000, 0x000000071ce00000|100%| S|CS|TAMS 0x000000071cc00000, 0x000000071cc00000| Complete 
| 219|0x000000071ce00000, 0x000000071d000000, 0x000000071d000000|100%| S|CS|TAMS 0x000000071ce00000, 0x000000071ce00000| Complete 
| 220|0x000000071d000000, 0x000000071d200000, 0x000000071d200000|100%| S|CS|TAMS 0x000000071d000000, 0x000000071d000000| Complete 
| 221|0x000000071d200000, 0x000000071d200000, 0x000000071d400000|  0%| F|  |TAMS 0x000000071d200000, 0x000000071d200000| Untracked 
| 222|0x000000071d400000, 0x000000071d400000, 0x000000071d600000|  0%| F|  |TAMS 0x000000071d400000, 0x000000071d400000| Untracked 
| 223|0x000000071d600000, 0x000000071d600000, 0x000000071d800000|  0%| F|  |TAMS 0x000000071d600000, 0x000000071d600000| Untracked 
| 224|0x000000071d800000, 0x000000071d800000, 0x000000071da00000|  0%| F|  |TAMS 0x000000071d800000, 0x000000071d800000| Untracked 
| 225|0x000000071da00000, 0x000000071da00000, 0x000000071dc00000|  0%| F|  |TAMS 0x000000071da00000, 0x000000071da00000| Untracked 
| 226|0x000000071dc00000, 0x000000071dc00000, 0x000000071de00000|  0%| F|  |TAMS 0x000000071dc00000, 0x000000071dc00000| Untracked 
| 227|0x000000071de00000, 0x000000071de00000, 0x000000071e000000|  0%| F|  |TAMS 0x000000071de00000, 0x000000071de00000| Untracked 
| 228|0x000000071e000000, 0x000000071e000000, 0x000000071e200000|  0%| F|  |TAMS 0x000000071e000000, 0x000000071e000000| Untracked 
| 229|0x000000071e200000, 0x000000071e200000, 0x000000071e400000|  0%| F|  |TAMS 0x000000071e200000, 0x000000071e200000| Untracked 
| 230|0x000000071e400000, 0x000000071e400000, 0x000000071e600000|  0%| F|  |TAMS 0x000000071e400000, 0x000000071e400000| Untracked 
| 231|0x000000071e600000, 0x000000071e600000, 0x000000071e800000|  0%| F|  |TAMS 0x000000071e600000, 0x000000071e600000| Untracked 
| 232|0x000000071e800000, 0x000000071e800000, 0x000000071ea00000|  0%| F|  |TAMS 0x000000071e800000, 0x000000071e800000| Untracked 
| 233|0x000000071ea00000, 0x000000071ea00000, 0x000000071ec00000|  0%| F|  |TAMS 0x000000071ea00000, 0x000000071ea00000| Untracked 
| 234|0x000000071ec00000, 0x000000071ec00000, 0x000000071ee00000|  0%| F|  |TAMS 0x000000071ec00000, 0x000000071ec00000| Untracked 
| 235|0x000000071ee00000, 0x000000071ee00000, 0x000000071f000000|  0%| F|  |TAMS 0x000000071ee00000, 0x000000071ee00000| Untracked 
| 236|0x000000071f000000, 0x000000071f000000, 0x000000071f200000|  0%| F|  |TAMS 0x000000071f000000, 0x000000071f000000| Untracked 
| 237|0x000000071f200000, 0x000000071f200000, 0x000000071f400000|  0%| F|  |TAMS 0x000000071f200000, 0x000000071f200000| Untracked 
| 238|0x000000071f400000, 0x000000071f400000, 0x000000071f600000|  0%| F|  |TAMS 0x000000071f400000, 0x000000071f400000| Untracked 
| 239|0x000000071f600000, 0x000000071f600000, 0x000000071f800000|  0%| F|  |TAMS 0x000000071f600000, 0x000000071f600000| Untracked 
| 240|0x000000071f800000, 0x000000071f800000, 0x000000071fa00000|  0%| F|  |TAMS 0x000000071f800000, 0x000000071f800000| Untracked 
| 241|0x000000071fa00000, 0x000000071fa00000, 0x000000071fc00000|  0%| F|  |TAMS 0x000000071fa00000, 0x000000071fa00000| Untracked 
| 242|0x000000071fc00000, 0x000000071fc00000, 0x000000071fe00000|  0%| F|  |TAMS 0x000000071fc00000, 0x000000071fc00000| Untracked 
| 243|0x000000071fe00000, 0x000000071fe00000, 0x0000000720000000|  0%| F|  |TAMS 0x000000071fe00000, 0x000000071fe00000| Untracked 
| 244|0x0000000720000000, 0x0000000720000000, 0x0000000720200000|  0%| F|  |TAMS 0x0000000720000000, 0x0000000720000000| Untracked 
| 245|0x0000000720200000, 0x00000007203abb68, 0x0000000720400000| 83%| E|  |TAMS 0x0000000720200000, 0x0000000720200000| Complete 
| 246|0x0000000720400000, 0x0000000720600000, 0x0000000720600000|100%| E|CS|TAMS 0x0000000720400000, 0x0000000720400000| Complete 
| 247|0x0000000720600000, 0x0000000720800000, 0x0000000720800000|100%| E|CS|TAMS 0x0000000720600000, 0x0000000720600000| Complete 
| 248|0x0000000720800000, 0x0000000720a00000, 0x0000000720a00000|100%| E|CS|TAMS 0x0000000720800000, 0x0000000720800000| Complete 
| 249|0x0000000720a00000, 0x0000000720c00000, 0x0000000720c00000|100%| E|CS|TAMS 0x0000000720a00000, 0x0000000720a00000| Complete 
| 250|0x0000000720c00000, 0x0000000720e00000, 0x0000000720e00000|100%| E|CS|TAMS 0x0000000720c00000, 0x0000000720c00000| Complete 
| 251|0x0000000720e00000, 0x0000000721000000, 0x0000000721000000|100%| E|CS|TAMS 0x0000000720e00000, 0x0000000720e00000| Complete 
| 363|0x000000072ee00000, 0x000000072f000000, 0x000000072f000000|100%| E|CS|TAMS 0x000000072ee00000, 0x000000072ee00000| Complete 
| 364|0x000000072f000000, 0x000000072f200000, 0x000000072f200000|100%| E|CS|TAMS 0x000000072f000000, 0x000000072f000000| Complete 
| 365|0x000000072f200000, 0x000000072f400000, 0x000000072f400000|100%| E|CS|TAMS 0x000000072f200000, 0x000000072f200000| Complete 
| 374|0x0000000730400000, 0x0000000730600000, 0x0000000730600000|100%| E|CS|TAMS 0x0000000730400000, 0x0000000730400000| Complete 

Card table byte_map: [0x0000027636550000,0x0000027636d50000] _byte_map_base: 0x0000027632d44000

Marking Bits (Prev, Next): (CMBitMap*) 0x000002761df50410, (CMBitMap*) 0x000002761df50450
 Prev Bits: [0x0000027637550000, 0x000002763b4f0000)
 Next Bits: [0x000002763b4f0000, 0x000002763f490000)

Polling page: 0x0000027616ef0000

Metaspace:

Usage:
  Non-class:     46.48 MB used.
      Class:      7.24 MB used.
       Both:     53.71 MB used.

Virtual space:
  Non-class space:       48.00 MB reserved,      46.69 MB ( 97%) committed,  6 nodes.
      Class space:        1.00 GB reserved,       7.44 MB ( <1%) committed,  1 nodes.
             Both:        1.05 GB reserved,      54.12 MB (  5%) committed. 

Chunk freelists:
   Non-Class:  1.16 MB
       Class:  588.00 KB
        Both:  1.73 MB

MaxMetaspaceSize: unlimited
CompressedClassSpaceSize: 1.00 GB
Initial GC threshold: 21.00 MB
Current GC threshold: 58.69 MB
CDS: on
MetaspaceReclaimPolicy: balanced
 - commit_granule_bytes: 65536.
 - commit_granule_words: 8192.
 - virtual_space_node_default_size: 1048576.
 - enlarge_chunks_in_place: 1.
 - new_chunks_are_fully_committed: 0.
 - uncommit_free_chunks: 1.
 - use_allocation_guard: 0.
 - handle_deallocations: 1.


Internal statistics:

num_allocs_failed_limit: 6.
num_arena_births: 478.
num_arena_deaths: 0.
num_vsnodes_births: 7.
num_vsnodes_deaths: 0.
num_space_committed: 860.
num_space_uncommitted: 0.
num_chunks_returned_to_freelist: 6.
num_chunks_taken_from_freelist: 1671.
num_chunk_merges: 6.
num_chunk_splits: 1252.
num_chunks_enlarged: 968.
num_purges: 0.
num_inconsistent_stats: 0.

CodeHeap 'non-profiled nmethods': size=120000Kb used=4091Kb max_used=4091Kb free=115908Kb
 bounds [0x000002762f020000, 0x000002762f420000, 0x0000027636550000]
CodeHeap 'profiled nmethods': size=120000Kb used=13925Kb max_used=14155Kb free=106074Kb
 bounds [0x0000027627af0000, 0x00000276288d0000, 0x000002762f020000]
CodeHeap 'non-nmethods': size=5760Kb used=1533Kb max_used=1580Kb free=4226Kb
 bounds [0x0000027627550000, 0x00000276277c0000, 0x0000027627af0000]
 total_blobs=7872 nmethods=6948 adapters=835
 compilation: enabled
              stopped_count=0, restarted_count=0
 full_count=0

Compilation events (20 events):
Event: 46.429 Thread 0x000002761f07d770 nmethod 8147 0x0000027628645d10 code [0x0000027628645ee0, 0x0000027628646278]
Event: 46.429 Thread 0x000002761f07b250 8148       4       sun.nio.ch.FileDispatcherImpl::read (8 bytes)
Event: 46.429 Thread 0x000002761f07b250 nmethod 8148 0x000002762f413490 code [0x000002762f413620, 0x000002762f4136c8]
Event: 46.429 Thread 0x000002761f07b250 8149       4       java.nio.MappedByteBuffer::flip (5 bytes)
Event: 46.429 Thread 0x000002761f07b250 nmethod 8149 0x000002762f413790 code [0x000002762f413900, 0x000002762f413998]
Event: 46.430 Thread 0x000002761f07d770 8150       3       javax.swing.ActionMap::get (44 bytes)
Event: 46.430 Thread 0x000002761f07d770 nmethod 8150 0x0000027628645510 code [0x00000276286456e0, 0x0000027628645bd8]
Event: 46.456 Thread 0x000002761f07d770 8151       3       de.javasoft.plaf.synthetica.painter.SyntheticaComponentPainter::getPainterClassName (49 bytes)
Event: 46.456 Thread 0x000002761f07d770 nmethod 8151 0x0000027628644810 code [0x0000027628644a60, 0x0000027628645238]
Event: 46.503 Thread 0x000002761f07d770 8152       3       java.util.concurrent.locks.AbstractQueuedSynchronizer$ConditionObject::canReacquire (28 bytes)
Event: 46.503 Thread 0x000002761f07d770 nmethod 8152 0x0000027628644190 code [0x0000027628644340, 0x0000027628644698]
Event: 46.505 Thread 0x000002761f07d770 8153   !   3       javax.swing.JComponent::paint (409 bytes)
Event: 46.507 Thread 0x000002761f07d770 nmethod 8153 0x0000027628640090 code [0x0000027628640520, 0x00000276286432c8]
Event: 46.507 Thread 0x000002761f07d770 8154       3       javax.swing.JComponent::getComponentGraphics (63 bytes)
Event: 46.508 Thread 0x000002761f07d770 nmethod 8154 0x000002762863f490 code [0x000002762863f6c0, 0x000002762863fe68]
Event: 46.508 Thread 0x000002761f07d770 8155       1       javax.swing.JProgressBar::getOrientation (5 bytes)
Event: 46.508 Thread 0x000002761f07d770 nmethod 8155 0x000002762f413a90 code [0x000002762f413c20, 0x000002762f413cf8]
Event: 46.555 Thread 0x000002761f07b250 8156       4       java.awt.RenderingHints::put (39 bytes)
Event: 46.556 Thread 0x000002761f07b250 nmethod 8156 0x000002762f413d90 code [0x000002762f413f40, 0x000002762f414118]
Event: 46.605 Thread 0x000002761f07b250 8157       4       java.lang.StringBuilder::append (8 bytes)

GC Heap History (20 events):
Event: 17.980 GC heap before
{Heap before GC invocations=1 (full 0):
 garbage-first heap   total 524288K, used 93140K [0x0000000701800000, 0x0000000800000000)
  region size 2048K, 40 young (81920K), 5 survivors (10240K)
 Metaspace       used 16533K, committed 16704K, reserved 1064960K
  class space    used 1575K, committed 1664K, reserved 1048576K
}
Event: 17.984 GC heap after
{Heap after GC invocations=2 (full 0):
 garbage-first heap   total 524288K, used 24895K [0x0000000701800000, 0x0000000800000000)
  region size 2048K, 2 young (4096K), 2 survivors (4096K)
 Metaspace       used 16533K, committed 16704K, reserved 1064960K
  class space    used 1575K, committed 1664K, reserved 1048576K
}
Event: 18.040 GC heap before
{Heap before GC invocations=2 (full 0):
 garbage-first heap   total 524288K, used 102719K [0x0000000701800000, 0x0000000800000000)
  region size 2048K, 40 young (81920K), 2 survivors (4096K)
 Metaspace       used 17090K, committed 17280K, reserved 1064960K
  class space    used 1659K, committed 1792K, reserved 1048576K
}
Event: 18.042 GC heap after
{Heap after GC invocations=3 (full 0):
 garbage-first heap   total 524288K, used 25204K [0x0000000701800000, 0x0000000800000000)
  region size 2048K, 3 young (6144K), 3 survivors (6144K)
 Metaspace       used 17090K, committed 17280K, reserved 1064960K
  class space    used 1659K, committed 1792K, reserved 1048576K
}
Event: 18.070 GC heap before
{Heap before GC invocations=3 (full 0):
 garbage-first heap   total 524288K, used 100980K [0x0000000701800000, 0x0000000800000000)
  region size 2048K, 40 young (81920K), 3 survivors (6144K)
 Metaspace       used 17407K, committed 17536K, reserved 1064960K
  class space    used 1717K, committed 1792K, reserved 1048576K
}
Event: 18.072 GC heap after
{Heap after GC invocations=4 (full 0):
 garbage-first heap   total 524288K, used 25411K [0x0000000701800000, 0x0000000800000000)
  region size 2048K, 3 young (6144K), 3 survivors (6144K)
 Metaspace       used 17407K, committed 17536K, reserved 1064960K
  class space    used 1717K, committed 1792K, reserved 1048576K
}
Event: 18.103 GC heap before
{Heap before GC invocations=4 (full 0):
 garbage-first heap   total 524288K, used 101187K [0x0000000701800000, 0x0000000800000000)
  region size 2048K, 40 young (81920K), 3 survivors (6144K)
 Metaspace       used 17936K, committed 18112K, reserved 1064960K
  class space    used 1776K, committed 1856K, reserved 1048576K
}
Event: 18.105 GC heap after
{Heap after GC invocations=5 (full 0):
 garbage-first heap   total 524288K, used 25618K [0x0000000701800000, 0x0000000800000000)
  region size 2048K, 3 young (6144K), 3 survivors (6144K)
 Metaspace       used 17936K, committed 18112K, reserved 1064960K
  class space    used 1776K, committed 1856K, reserved 1048576K
}
Event: 18.152 GC heap before
{Heap before GC invocations=5 (full 0):
 garbage-first heap   total 524288K, used 101394K [0x0000000701800000, 0x0000000800000000)
  region size 2048K, 40 young (81920K), 3 survivors (6144K)
 Metaspace       used 17946K, committed 18112K, reserved 1064960K
  class space    used 1777K, committed 1856K, reserved 1048576K
}
Event: 18.154 GC heap after
{Heap after GC invocations=6 (full 0):
 garbage-first heap   total 524288K, used 25032K [0x0000000701800000, 0x0000000800000000)
  region size 2048K, 2 young (4096K), 2 survivors (4096K)
 Metaspace       used 17946K, committed 18112K, reserved 1064960K
  class space    used 1777K, committed 1856K, reserved 1048576K
}
Event: 18.260 GC heap before
{Heap before GC invocations=6 (full 0):
 garbage-first heap   total 524288K, used 102856K [0x0000000701800000, 0x0000000800000000)
  region size 2048K, 40 young (81920K), 2 survivors (4096K)
 Metaspace       used 18638K, committed 18880K, reserved 1073152K
  class space    used 1854K, committed 1984K, reserved 1048576K
}
Event: 18.264 GC heap after
{Heap after GC invocations=7 (full 0):
 garbage-first heap   total 768000K, used 25220K [0x0000000701800000, 0x0000000800000000)
  region size 2048K, 3 young (6144K), 3 survivors (6144K)
 Metaspace       used 18638K, committed 18880K, reserved 1073152K
  class space    used 1854K, committed 1984K, reserved 1048576K
}
Event: 18.579 GC heap before
{Heap before GC invocations=7 (full 0):
 garbage-first heap   total 768000K, used 41604K [0x0000000701800000, 0x0000000800000000)
  region size 2048K, 12 young (24576K), 3 survivors (6144K)
 Metaspace       used 21324K, committed 21504K, reserved 1073152K
  class space    used 2222K, committed 2304K, reserved 1048576K
}
Event: 18.583 GC heap after
{Heap after GC invocations=8 (full 0):
 garbage-first heap   total 768000K, used 26186K [0x0000000701800000, 0x0000000800000000)
  region size 2048K, 3 young (6144K), 3 survivors (6144K)
 Metaspace       used 21324K, committed 21504K, reserved 1073152K
  class space    used 2222K, committed 2304K, reserved 1048576K
}
Event: 21.459 GC heap before
{Heap before GC invocations=9 (full 0):
 garbage-first heap   total 524288K, used 132682K [0x0000000701800000, 0x0000000800000000)
  region size 2048K, 34 young (69632K), 3 survivors (6144K)
 Metaspace       used 35773K, committed 35968K, reserved 1081344K
  class space    used 4293K, committed 4352K, reserved 1048576K
}
Event: 21.466 GC heap after
{Heap after GC invocations=10 (full 0):
 garbage-first heap   total 524288K, used 48874K [0x0000000701800000, 0x0000000800000000)
  region size 2048K, 5 young (10240K), 5 survivors (10240K)
 Metaspace       used 35773K, committed 35968K, reserved 1081344K
  class space    used 4293K, committed 4352K, reserved 1048576K
}
Event: 43.158 GC heap before
{Heap before GC invocations=11 (full 0):
 garbage-first heap   total 524288K, used 118506K [0x0000000701800000, 0x0000000800000000)
  region size 2048K, 40 young (81920K), 5 survivors (10240K)
 Metaspace       used 47211K, committed 47488K, reserved 1097728K
  class space    used 6152K, committed 6272K, reserved 1048576K
}
Event: 43.169 GC heap after
{Heap after GC invocations=12 (full 0):
 garbage-first heap   total 524288K, used 58917K [0x0000000701800000, 0x0000000800000000)
  region size 2048K, 5 young (10240K), 5 survivors (10240K)
 Metaspace       used 47211K, committed 47488K, reserved 1097728K
  class space    used 6152K, committed 6272K, reserved 1048576K
}
Event: 45.267 GC heap before
{Heap before GC invocations=12 (full 0):
 garbage-first heap   total 524288K, used 138789K [0x0000000701800000, 0x0000000800000000)
  region size 2048K, 40 young (81920K), 5 survivors (10240K)
 Metaspace       used 53383K, committed 53760K, reserved 1097728K
  class space    used 7174K, committed 7360K, reserved 1048576K
}
Event: 45.277 GC heap after
{Heap after GC invocations=13 (full 0):
 garbage-first heap   total 524288K, used 75352K [0x0000000701800000, 0x0000000800000000)
  region size 2048K, 5 young (10240K), 5 survivors (10240K)
 Metaspace       used 53383K, committed 53760K, reserved 1097728K
  class space    used 7174K, committed 7360K, reserved 1048576K
}

Deoptimization events (20 events):
Event: 45.908 Thread 0x000002760c9d8bd0 Uncommon trap: trap_request=0xffffffde fr.pc=0x000002762f1f5274 relative=0x00000000000000d4
Event: 45.908 Thread 0x000002760c9d8bd0 Uncommon trap: reason=class_check action=maybe_recompile pc=0x000002762f1f5274 method=java.lang.Character.codePointAt(Ljava/lang/CharSequence;I)I @ 2 c2
Event: 45.908 Thread 0x000002760c9d8bd0 DEOPT PACKING pc=0x000002762f1f5274 sp=0x000000fe72afece0
Event: 45.908 Thread 0x000002760c9d8bd0 DEOPT UNPACKING pc=0x00000276275a23a3 sp=0x000000fe72afec78 mode 2
Event: 45.908 Thread 0x000002760c9d8bd0 Uncommon trap: trap_request=0xffffffde fr.pc=0x000002762f1f5274 relative=0x00000000000000d4
Event: 45.908 Thread 0x000002760c9d8bd0 Uncommon trap: reason=class_check action=maybe_recompile pc=0x000002762f1f5274 method=java.lang.Character.codePointAt(Ljava/lang/CharSequence;I)I @ 2 c2
Event: 45.908 Thread 0x000002760c9d8bd0 DEOPT PACKING pc=0x000002762f1f5274 sp=0x000000fe72afece0
Event: 45.908 Thread 0x000002760c9d8bd0 DEOPT UNPACKING pc=0x00000276275a23a3 sp=0x000000fe72afec78 mode 2
Event: 45.908 Thread 0x000002760c9d8bd0 Uncommon trap: trap_request=0xffffffde fr.pc=0x000002762f1e3558 relative=0x0000000000000578
Event: 45.908 Thread 0x000002760c9d8bd0 Uncommon trap: reason=class_check action=maybe_recompile pc=0x000002762f1e3558 method=java.util.regex.Pattern$Slice.match(Ljava/util/regex/Matcher;ILjava/lang/CharSequence;)Z @ 49 c2
Event: 45.908 Thread 0x000002760c9d8bd0 DEOPT PACKING pc=0x000002762f1e3558 sp=0x000000fe72afedd0
Event: 45.908 Thread 0x000002760c9d8bd0 DEOPT UNPACKING pc=0x00000276275a23a3 sp=0x000000fe72afecf8 mode 2
Event: 45.912 Thread 0x0000027643f326b0 Uncommon trap: trap_request=0xffffff45 fr.pc=0x000002762f360514 relative=0x0000000000000254
Event: 45.912 Thread 0x0000027643f326b0 Uncommon trap: reason=unstable_if action=reinterpret pc=0x000002762f360514 method=java.awt.Container.createHierarchyEvents(ILjava/awt/Component;Ljava/awt/Container;JZ)I @ 22 c2
Event: 45.912 Thread 0x0000027643f326b0 DEOPT PACKING pc=0x000002762f360514 sp=0x000000fe6c6fe310
Event: 45.912 Thread 0x0000027643f326b0 DEOPT UNPACKING pc=0x00000276275a23a3 sp=0x000000fe6c6fe2c8 mode 2
Event: 45.912 Thread 0x0000027643f326b0 Uncommon trap: trap_request=0xffffff45 fr.pc=0x000002762f360ac8 relative=0x00000000000000c8
Event: 45.912 Thread 0x0000027643f326b0 Uncommon trap: reason=unstable_if action=reinterpret pc=0x000002762f360ac8 method=java.awt.Component.createHierarchyEvents(ILjava/awt/Component;Ljava/awt/Container;JZ)I @ 32 c2
Event: 45.912 Thread 0x0000027643f326b0 DEOPT PACKING pc=0x000002762f360ac8 sp=0x000000fe6c6fdd90
Event: 45.912 Thread 0x0000027643f326b0 DEOPT UNPACKING pc=0x00000276275a23a3 sp=0x000000fe6c6fdd48 mode 2

Classes unloaded (0 events):
No events

Classes redefined (0 events):
No events

Internal exceptions (20 events):
Event: 21.708 Thread 0x0000027643f326b0 Exception <a 'java/lang/NoSuchMethodError'{0x0000000720fe0ba8}: 'java.lang.Object java.lang.invoke.DirectMethodHandle$Holder.invokeSpecial(java.lang.Object, java.lang.Object, long, java.lang.Object, int, int, int, int, java.lang.Object, java.lang.Object, java.lang.Object)'> (0x0000000720fe0ba8) 
thrown [e:\jenkins\tmp\workspace\build\src\src\hotspot\share\interpreter\linkResolver.cpp, line 766]
Event: 21.708 Thread 0x0000027643f326b0 Exception <a 'java/lang/NoSuchMethodError'{0x0000000720fe4b98}: 'java.lang.Object java.lang.invoke.DelegatingMethodHandle$Holder.reinvoke_L(java.lang.Object, long, java.lang.Object, int, int, int, int, java.lang.Object, java.lang.Object, java.lang.Object)'> (0x0000000720fe4b98) 
thrown [e:\jenkins\tmp\workspace\build\src\src\hotspot\share\interpreter\linkResolver.cpp, line 766]
Event: 21.715 Thread 0x0000027643f326b0 Exception <a 'java/lang/NoSuchMethodError'{0x0000000720c54390}: 'java.lang.Object java.lang.invoke.DirectMethodHandle$Holder.invokeSpecial(java.lang.Object, java.lang.Object, long, java.lang.Object, java.lang.Object, java.lang.Object, java.lang.Object, int, java.lang.Object, java.lang.Object, java.lang.Object)'> (0x0000000720c54390) 
thrown [e:\jenkins\tmp\workspace\build\src\src\hotspot\share\interpreter\linkResolver.cpp, line 766]
Event: 21.715 Thread 0x0000027643f326b0 Exception <a 'java/lang/NoSuchMethodError'{0x0000000720c58ef0}: 'java.lang.Object java.lang.invoke.DelegatingMethodHandle$Holder.reinvoke_L(java.lang.Object, long, java.lang.Object, java.lang.Object, java.lang.Object, java.lang.Object, int, java.lang.Object, java.lang.Object, java.lang.Object)'> (0x0000000720c58ef0) 
thrown [e:\jenkins\tmp\workspace\build\src\src\hotspot\share\interpreter\linkResolver.cpp, line 766]
Event: 21.831 Thread 0x0000027643f31d10 Implicit null exception at 0x000002762f0ae2f7 to 0x000002762f0aeb7c
Event: 21.847 Thread 0x0000027643f31840 Implicit null exception at 0x000002762f148472 to 0x000002762f148bd0
Event: 42.815 Thread 0x000002760c9d9a40 Implicit null exception at 0x000002762f182f0d to 0x000002762f183400
Event: 43.671 Thread 0x0000027643f326b0 Implicit null exception at 0x000002762f336ab7 to 0x000002762f336b71
Event: 44.013 Thread 0x0000027643f326b0 Implicit null exception at 0x000002762f36628d to 0x000002762f3665b0
Event: 44.520 Thread 0x0000027643f326b0 Exception <a 'java/lang/NoSuchMethodError'{0x000000071df5eb38}: 'java.lang.Object java.lang.invoke.DirectMethodHandle$Holder.invokeSpecial(java.lang.Object, java.lang.Object, java.lang.Object, int, java.lang.Object)'> (0x000000071df5eb38) 
thrown [e:\jenkins\tmp\workspace\build\src\src\hotspot\share\interpreter\linkResolver.cpp, line 766]
Event: 44.592 Thread 0x0000027643f326b0 Implicit null exception at 0x000002762f304b89 to 0x000002762f304c3c
Event: 45.158 Thread 0x0000027643f32b80 Exception <a 'java/lang/NoSuchMethodError'{0x000000071d407dc8}: 'void java.lang.invoke.DirectMethodHandle$Holder.invokeSpecial(java.lang.Object, java.lang.Object, long)'> (0x000000071d407dc8) 
thrown [e:\jenkins\tmp\workspace\build\src\src\hotspot\share\interpreter\linkResolver.cpp, line 766]
Event: 45.159 Thread 0x0000027643f32b80 Exception <a 'java/lang/NoSuchMethodError'{0x000000071d40d928}: 'java.lang.Object java.lang.invoke.DirectMethodHandle$Holder.newInvokeSpecial(java.lang.Object, java.lang.Object, long)'> (0x000000071d40d928) 
thrown [e:\jenkins\tmp\workspace\build\src\src\hotspot\share\interpreter\linkResolver.cpp, line 766]
Event: 45.159 Thread 0x0000027643f32b80 Exception <a 'java/lang/NoSuchMethodError'{0x000000071d4111f0}: 'java.lang.Object java.lang.invoke.Invokers$Holder.linkToTargetMethod(java.lang.Object, long, java.lang.Object)'> (0x000000071d4111f0) 
thrown [e:\jenkins\tmp\workspace\build\src\src\hotspot\share\interpreter\linkResolver.cpp, line 766]
Event: 45.216 Thread 0x0000027643f326b0 Exception <a 'java/lang/NoSuchMethodError'{0x000000071d5eccd0}: 'java.lang.Object java.lang.invoke.DirectMethodHandle$Holder.invokeSpecial(java.lang.Object, java.lang.Object, long, java.lang.Object, int, int, int, java.lang.Object, java.lang.Object, int, int)'> (0x000000071d5eccd0) 
thrown [e:\jenkins\tmp\workspace\build\src\src\hotspot\share\interpreter\linkResolver.cpp, line 766]
Event: 45.216 Thread 0x0000027643f326b0 Exception <a 'java/lang/NoSuchMethodError'{0x000000071d5f0af0}: 'java.lang.Object java.lang.invoke.DelegatingMethodHandle$Holder.reinvoke_L(java.lang.Object, long, java.lang.Object, int, int, int, java.lang.Object, java.lang.Object, int, int)'> (0x000000071d5f0af0) 
thrown [e:\jenkins\tmp\workspace\build\src\src\hotspot\share\interpreter\linkResolver.cpp, line 766]
Event: 45.559 Thread 0x0000027643f326b0 Exception <a 'java/lang/NoSuchMethodError'{0x0000000720818340}: 'java.lang.Object java.lang.invoke.DirectMethodHandle$Holder.invokeSpecial(java.lang.Object, java.lang.Object, java.lang.Object, long, java.lang.Object)'> (0x0000000720818340) 
thrown [e:\jenkins\tmp\workspace\build\src\src\hotspot\share\interpreter\linkResolver.cpp, line 766]
Event: 45.559 Thread 0x0000027643f326b0 Exception <a 'java/lang/NoSuchMethodError'{0x000000072081bf10}: 'java.lang.Object java.lang.invoke.Invokers$Holder.linkToTargetMethod(java.lang.Object, long, java.lang.Object, java.lang.Object)'> (0x000000072081bf10) 
thrown [e:\jenkins\tmp\workspace\build\src\src\hotspot\share\interpreter\linkResolver.cpp, line 766]
Event: 45.905 Thread 0x000002760c9d8bd0 Implicit null exception at 0x000002762f340e60 to 0x000002762f340f40
Event: 45.913 Thread 0x0000027643f326b0 Exception <a 'java/lang/NoSuchMethodError'{0x000000072068e828}: 'int java.lang.invoke.DirectMethodHandle$Holder.invokeStatic(java.lang.Object)'> (0x000000072068e828) 
thrown [e:\jenkins\tmp\workspace\build\src\src\hotspot\share\interpreter\linkResolver.cpp, line 766]

VM Operations (20 events):
Event: 45.267 Executing VM operation: G1CollectForAllocation
Event: 45.277 Executing VM operation: G1CollectForAllocation done
Event: 45.308 Executing VM operation: HandshakeAllThreads
Event: 45.308 Executing VM operation: HandshakeAllThreads done
Event: 45.450 Executing VM operation: ICBufferFull
Event: 45.451 Executing VM operation: ICBufferFull done
Event: 45.474 Executing VM operation: HandshakeAllThreads
Event: 45.474 Executing VM operation: HandshakeAllThreads done
Event: 45.489 Executing VM operation: HandshakeAllThreads
Event: 45.489 Executing VM operation: HandshakeAllThreads done
Event: 45.597 Executing VM operation: ICBufferFull
Event: 45.598 Executing VM operation: ICBufferFull done
Event: 45.810 Executing VM operation: HandshakeAllThreads
Event: 45.810 Executing VM operation: HandshakeAllThreads done
Event: 45.906 Executing VM operation: HandshakeAllThreads
Event: 45.906 Executing VM operation: HandshakeAllThreads done
Event: 45.908 Executing VM operation: ICBufferFull
Event: 45.908 Executing VM operation: ICBufferFull done
Event: 45.946 Executing VM operation: ICBufferFull
Event: 45.946 Executing VM operation: ICBufferFull done

Events (20 events):
Event: 45.909 loading class java/util/regex/Matcher$ImmutableMatchResult done
Event: 45.912 loading class java/awt/ModalEventFilter$1
Event: 45.913 loading class java/awt/ModalEventFilter$1 done
Event: 45.913 loading class java/awt/ModalEventFilter$ApplicationModalEventFilter
Event: 45.913 loading class java/awt/ModalEventFilter$ApplicationModalEventFilter done
Event: 45.913 loading class sun/awt/ModalityEvent
Event: 45.913 loading class sun/awt/ModalityEvent done
Event: 45.914 loading class java/awt/WaitDispatchSupport
Event: 45.915 loading class java/awt/SecondaryLoop
Event: 45.915 loading class java/awt/SecondaryLoop done
Event: 45.915 loading class java/awt/WaitDispatchSupport done
Event: 45.915 loading class java/awt/WaitDispatchSupport$5
Event: 45.915 loading class java/awt/WaitDispatchSupport$5 done
Event: 45.915 loading class java/awt/WaitDispatchSupport$1
Event: 45.915 loading class java/awt/WaitDispatchSupport$1 done
Event: 45.916 loading class java/awt/WaitDispatchSupport$2
Event: 45.916 loading class java/awt/WaitDispatchSupport$2 done
Event: 45.916 loading class java/awt/WaitDispatchSupport$4
Event: 45.916 loading class java/awt/WaitDispatchSupport$4 done
Event: 45.937 Thread 0x000002760c9d7d60 Thread added: 0x000002760c9d7d60


Dynamic libraries:
0x00007ff78c7d0000 - 0x00007ff78c801000 	D:\vivado\Vivado\2023.1\bin\unwrapped\win64.o\vivado.exe
0x00007ff8f93d0000 - 0x00007ff8f95c8000 	C:\WINDOWS\SYSTEM32\ntdll.dll
0x00007ff8f7de0000 - 0x00007ff8f7e9f000 	C:\WINDOWS\System32\KERNEL32.DLL
0x00007ff8f6d20000 - 0x00007ff8f7016000 	C:\WINDOWS\System32\KERNELBASE.dll
0x00007ff8f6c20000 - 0x00007ff8f6d20000 	C:\WINDOWS\System32\ucrtbase.dll
0x00007ff8e6ce0000 - 0x00007ff8e6d6e000 	C:\WINDOWS\SYSTEM32\MSVCP140.dll
0x00007ff8e6d70000 - 0x00007ff8e6d8b000 	C:\WINDOWS\SYSTEM32\VCRUNTIME140.dll
0x00007ff8e8610000 - 0x00007ff8e861c000 	C:\WINDOWS\SYSTEM32\VCRUNTIME140_1.dll
0x00007ff8ee680000 - 0x00007ff8ee698000 	D:\vivado\Vivado\2023.1\lib\win64.o\librdi_commonmain.dll
0x00007ff8f17d0000 - 0x00007ff8f17d9000 	D:\vivado\Vivado\2023.1\lib\win64.o\librdi_commonversion.dll
0x00007ff8d8060000 - 0x00007ff8d8081000 	D:\vivado\Vivado\2023.1\lib\win64.o\libboost_filesystem.dll
0x00007ff8f92b0000 - 0x00007ff8f935f000 	C:\WINDOWS\System32\ADVAPI32.dll
0x00007ff8f8db0000 - 0x00007ff8f8e4e000 	C:\WINDOWS\System32\msvcrt.dll
0x00007ff8f8bc0000 - 0x00007ff8f8c5c000 	C:\WINDOWS\System32\sechost.dll
0x00007ff8f90d0000 - 0x00007ff8f91f6000 	C:\WINDOWS\System32\RPCRT4.dll
0x00007ff899470000 - 0x00007ff89a900000 	D:\vivado\Vivado\2023.1\lib\win64.o\librdi_common.dll
0x00007ff8f7530000 - 0x00007ff8f76cd000 	C:\WINDOWS\System32\USER32.dll
0x00007ff8f73d0000 - 0x00007ff8f73f2000 	C:\WINDOWS\System32\win32u.dll
0x00007ff8f8c60000 - 0x00007ff8f8c8c000 	C:\WINDOWS\System32\GDI32.dll
0x00007ff8f7220000 - 0x00007ff8f7335000 	C:\WINDOWS\System32\gdi32full.dll
0x00007ff8f7020000 - 0x00007ff8f70bd000 	C:\WINDOWS\System32\msvcp_win.dll
0x00007ff8f8470000 - 0x00007ff8f8bb4000 	C:\WINDOWS\System32\SHELL32.dll
0x00007ff8f6a80000 - 0x00007ff8f6ae7000 	C:\WINDOWS\System32\WINTRUST.dll
0x00007ff8f8d40000 - 0x00007ff8f8dab000 	C:\WINDOWS\System32\WS2_32.dll
0x00007ff8f6ba0000 - 0x00007ff8f6bc7000 	C:\WINDOWS\System32\bcrypt.dll
0x00007ff8992b0000 - 0x00007ff899466000 	D:\vivado\Vivado\2023.1\lib\win64.o\librdi_commonxillic.dll
0x00000000503c0000 - 0x00000000504ec000 	D:\vivado\Vivado\2023.1\lib\win64.o\tcl85t.dll
0x00007ff8d32a0000 - 0x00007ff8d32b1000 	D:\vivado\Vivado\2023.1\lib\win64.o\libboost_date_time.dll
0x00007ff8d21d0000 - 0x00007ff8d21ec000 	D:\vivado\Vivado\2023.1\lib\win64.o\libboost_thread.dll
0x00007ff8eee60000 - 0x00007ff8eee6c000 	D:\vivado\Vivado\2023.1\lib\win64.o\libboost_xilinx.dll
0x00007ff8a8a60000 - 0x00007ff8a8b74000 	D:\vivado\Vivado\2023.1\lib\win64.o\libboost_regex.dll
0x00007ff898f40000 - 0x00007ff8992ae000 	D:\vivado\Vivado\2023.1\lib\win64.o\libCOIN-all.dll
0x00007ff8c6b30000 - 0x00007ff8c6ba9000 	D:\vivado\Vivado\2023.1\lib\win64.o\libboost_program_options.dll
0x00007ff8c6b00000 - 0x00007ff8c6b2a000 	D:\vivado\Vivado\2023.1\lib\win64.o\libisl_sysinfo.dll
0x00007ff8c5de0000 - 0x00007ff8c5e85000 	D:\vivado\Vivado\2023.1\lib\win64.o\libhdxml.dll
0x00007ff8c57b0000 - 0x00007ff8c5815000 	D:\vivado\Vivado\2023.1\lib\win64.o\liblmx6.0.dll
0x00007ff8d21b0000 - 0x00007ff8d21ca000 	D:\vivado\Vivado\2023.1\lib\win64.o\pthreadVC2.dll
0x00007ff8c28a0000 - 0x00007ff8c2922000 	D:\vivado\Vivado\2023.1\lib\win64.o\libhdlpsolve.dll
0x00007ff8c6ae0000 - 0x00007ff8c6afc000 	D:\vivado\Vivado\2023.1\lib\win64.o\librdiconfig.dll
0x00007ff8f7750000 - 0x00007ff8f77a5000 	C:\WINDOWS\System32\SHLWAPI.dll
0x00007ff8dc6f0000 - 0x00007ff8dc709000 	C:\WINDOWS\SYSTEM32\NETAPI32.dll
0x00007ff8db440000 - 0x00007ff8db916000 	C:\WINDOWS\SYSTEM32\WININET.dll
0x00007ff8f0720000 - 0x00007ff8f082a000 	C:\WINDOWS\SYSTEM32\WINHTTP.dll
0x00007ff8ea690000 - 0x00007ff8ea87d000 	C:\WINDOWS\SYSTEM32\urlmon.dll
0x00007ff8c5780000 - 0x00007ff8c57a1000 	D:\vivado\Vivado\2023.1\lib\win64.o\librdizlib.dll
0x00007ff8e9170000 - 0x00007ff8e9179000 	C:\WINDOWS\SYSTEM32\WSOCK32.dll
0x00007ff898c70000 - 0x00007ff898f31000 	D:\vivado\Vivado\2023.1\lib\win64.o\xerces-c_3_2.dll
0x00007ff898950000 - 0x00007ff898c66000 	D:\vivado\Vivado\2023.1\lib\win64.o\libXil_lmgr11.dll
0x00007ff8f8380000 - 0x00007ff8f845a000 	C:\WINDOWS\System32\COMDLG32.dll
0x00007ff8f79c0000 - 0x00007ff8f7d14000 	C:\WINDOWS\System32\combase.dll
0x00007ff8f7d20000 - 0x00007ff8f7dcd000 	C:\WINDOWS\System32\shcore.dll
0x00007ff8f8eb0000 - 0x00007ff8f8f7d000 	C:\WINDOWS\System32\OLEAUT32.dll
0x00007ff8f7400000 - 0x00007ff8f752a000 	C:\WINDOWS\System32\ole32.dll
0x00007ff8f70c0000 - 0x00007ff8f721e000 	C:\WINDOWS\System32\CRYPT32.dll
0x00007ff8c5740000 - 0x00007ff8c5771000 	C:\WINDOWS\SYSTEM32\VCOMP140.DLL
0x00007ff8ea3d0000 - 0x00007ff8ea68c000 	C:\WINDOWS\SYSTEM32\iertutil.dll
0x00007ff8ea3a0000 - 0x00007ff8ea3c9000 	C:\WINDOWS\SYSTEM32\srvcli.dll
0x00007ff8f5fb0000 - 0x00007ff8f5fbc000 	C:\WINDOWS\SYSTEM32\netutils.dll
0x00007ff8e6640000 - 0x00007ff8e66f0000 	C:\WINDOWS\WinSxS\amd64_microsoft.windows.common-controls_6595b64144ccf1df_5.82.19041.1110_none_792d1c772443f647\COMCTL32.dll
0x00007ff8ef9c0000 - 0x00007ff8ef9dd000 	C:\WINDOWS\SYSTEM32\dhcpcsvc.DLL
0x00007ff8f6970000 - 0x00007ff8f699e000 	C:\WINDOWS\SYSTEM32\USERENV.dll
0x00007ff896a30000 - 0x00007ff898947000 	D:\vivado\Vivado\2023.1\lib\win64.o\gurobi90.dll
0x00007ff8f8e50000 - 0x00007ff8f8ea6000 	C:\WINDOWS\System32\WLDAP32.dll
0x00007ff8f8460000 - 0x00007ff8f8468000 	C:\WINDOWS\System32\Normaliz.dll
0x00007ff895a60000 - 0x00007ff896a25e00 	D:\vivado\Vivado\2023.1\lib\win64.o\libisl_iostreams.dll
0x00007ff8f6220000 - 0x00007ff8f628a000 	C:\WINDOWS\SYSTEM32\MSWSOCK.DLL
0x00007ff8c2d00000 - 0x00007ff8c2d24000 	D:\vivado\Vivado\2023.1\lib\win64.o\libisl_iosutils.dll
0x00007ff8c29f0000 - 0x00007ff8c2a08000 	D:\vivado\Vivado\2023.1\lib\win64.o\libboost_iostreams.dll
0x00007ff8f90a0000 - 0x00007ff8f90d0000 	C:\WINDOWS\System32\IMM32.DLL
0x00007ff8f6650000 - 0x00007ff8f6662000 	C:\WINDOWS\SYSTEM32\MSASN1.dll
0x00007ff8f6420000 - 0x00007ff8f6438000 	C:\WINDOWS\SYSTEM32\CRYPTSP.dll
0x00007ff8f5a60000 - 0x00007ff8f5a94000 	C:\WINDOWS\system32\rsaenh.dll
0x00007ff8f6410000 - 0x00007ff8f641c000 	C:\WINDOWS\SYSTEM32\CRYPTBASE.dll
0x00007ff8f7340000 - 0x00007ff8f73c2000 	C:\WINDOWS\System32\bcryptPrimitives.dll
0x00007ff8f9200000 - 0x00007ff8f921d000 	C:\WINDOWS\System32\imagehlp.dll
0x00007ff8f4940000 - 0x00007ff8f4952000 	C:\WINDOWS\SYSTEM32\kernel.appcore.dll
0x00007ff895510000 - 0x00007ff895a56000 	D:\vivado\Vivado\2023.1\lib\win64.o\librdi_commontasks.dll
0x00007ff8ef9b0000 - 0x00007ff8ef9ba000 	C:\WINDOWS\SYSTEM32\VERSION.dll
0x00007ff892750000 - 0x00007ff893398000 	D:\vivado\Vivado\2023.1\tps\win64\jre17.0.3_7\bin\server\jvm.dll
0x00007ff8f7dd0000 - 0x00007ff8f7dd8000 	C:\WINDOWS\System32\PSAPI.DLL
0x00007ff8e5f30000 - 0x00007ff8e5f57000 	C:\WINDOWS\SYSTEM32\WINMM.dll
0x00007ff8951e0000 - 0x00007ff89550b800 	D:\vivado\Vivado\2023.1\lib\win64.o\librdi_sio.dll
0x00007ff8f5ea0000 - 0x00007ff8f5edb000 	C:\WINDOWS\SYSTEM32\IPHLPAPI.DLL
0x00007ff8f52f0000 - 0x00007ff8f5313000 	C:\WINDOWS\SYSTEM32\gpapi.dll
0x00007ff8ef710000 - 0x00007ff8ef741000 	C:\Windows\System32\cryptnet.dll
0x00007ff8f69b0000 - 0x00007ff8f69d5000 	C:\WINDOWS\SYSTEM32\profapi.dll
0x00007ff8f02a0000 - 0x00007ff8f02ab000 	C:\WINDOWS\SYSTEM32\WINNSI.DLL
0x00007ff8f8370000 - 0x00007ff8f8378000 	C:\WINDOWS\System32\NSI.dll
0x00007ff8f6930000 - 0x00007ff8f6962000 	C:\WINDOWS\SYSTEM32\SspiCli.dll
0x00007ff8ca9d0000 - 0x00007ff8ca9e7000 	C:\WINDOWS\system32\napinsp.dll
0x00007ff8ca9b0000 - 0x00007ff8ca9cb000 	C:\WINDOWS\system32\pnrpnsp.dll
0x00007ff8d8a50000 - 0x00007ff8d8a65000 	C:\WINDOWS\system32\wshbth.dll
0x00007ff8f2460000 - 0x00007ff8f247d000 	C:\WINDOWS\system32\NLAapi.dll
0x00007ff8f5ee0000 - 0x00007ff8f5faa000 	C:\WINDOWS\SYSTEM32\DNSAPI.dll
0x00007ff8ca990000 - 0x00007ff8ca9a2000 	C:\WINDOWS\System32\winrnr.dll
0x00007ff8f4b40000 - 0x00007ff8f52d3000 	C:\WINDOWS\SYSTEM32\windows.storage.dll
0x00007ff8f64c0000 - 0x00007ff8f64ee000 	C:\WINDOWS\SYSTEM32\Wldp.dll
0x00007ff882170000 - 0x00007ff884f2b000 	D:\vivado\Vivado\2023.1\lib\win64.o\librdi_tcltasks.dll
0x00007ff8c0d80000 - 0x00007ff8c0e03000 	D:\vivado\Vivado\2023.1\lib\win64.o\librdi_boarddep.dll
0x00007ff8c0c90000 - 0x00007ff8c0cd4000 	D:\vivado\Vivado\2023.1\lib\win64.o\libboost_serialization.dll
0x00007ff894ff0000 - 0x00007ff8951d9000 	D:\vivado\Vivado\2023.1\lib\win64.o\librdi_board.dll
0x00007ff894ec0000 - 0x00007ff894fe8000 	D:\vivado\Vivado\2023.1\lib\win64.o\librdi_chipscope.dll
0x00007ff894cb0000 - 0x00007ff894eb7000 	D:\vivado\Vivado\2023.1\lib\win64.o\librdi_chipscopeimpl.dll
0x00007ff894b40000 - 0x00007ff894ca9000 	D:\vivado\Vivado\2023.1\lib\win64.o\librdi_containers.dll
0x00007ff893c20000 - 0x00007ff894101000 	D:\vivado\Vivado\2023.1\lib\win64.o\librdi_bitstream.dll
0x00007ff87fb20000 - 0x00007ff88216f000 	D:\vivado\Vivado\2023.1\lib\win64.o\librdi_constraints.dll
0x00007ff87ddd0000 - 0x00007ff87fb1e000 	D:\vivado\Vivado\2023.1\lib\win64.o\librdi_designutils.dll
0x00007ff87b790000 - 0x00007ff87ddc4000 	D:\vivado\Vivado\2023.1\lib\win64.o\librdi_coregen.dll
0x00007ff8945a0000 - 0x00007ff89492b000 	D:\vivado\Vivado\2023.1\lib\win64.o\librdi_dlyest.dll
0x00007ff890060000 - 0x00007ff8915b1000 	D:\vivado\Vivado\2023.1\lib\win64.o\librdi_device.dll
0x00007ff892030000 - 0x00007ff892741000 	D:\vivado\Vivado\2023.1\lib\win64.o\librdi_drc.dll
0x00007ff8cc8f0000 - 0x00007ff8cc9a4000 	D:\vivado\Vivado\2023.1\lib\win64.o\librdi_dsp.dll
0x00007ff87b450000 - 0x00007ff87b782000 	D:\vivado\Vivado\2023.1\lib\win64.o\librdi_guitools.dll
0x00007ff87ada0000 - 0x00007ff87b444000 	D:\vivado\Vivado\2023.1\lib\win64.o\librdi_filemgmt.dll
0x00007ff87aad0000 - 0x00007ff87ad9e000 	D:\vivado\Vivado\2023.1\lib\win64.o\librdi_hip_devdesign.dll
0x00007ff8cc880000 - 0x00007ff8cc8eb000 	D:\vivado\Vivado\2023.1\lib\win64.o\librdi_hdf.dll
0x00007ff893ad0000 - 0x00007ff893c18000 	D:\vivado\Vivado\2023.1\lib\win64.o\librdi_hip_perf_analysis.dll
0x00007ff87a260000 - 0x00007ff87aac9000 	D:\vivado\Vivado\2023.1\lib\win64.o\librdi_lopt.dll
0x00007ff8791a0000 - 0x00007ff87a25c000 	D:\vivado\Vivado\2023.1\lib\win64.o\librdi_implflow.dll
0x00007ff8cc800000 - 0x00007ff8cc87d000 	D:\vivado\Vivado\2023.1\lib\win64.o\librdi_memoryarray.dll
0x00007ff8782b0000 - 0x00007ff879193000 	D:\vivado\Vivado\2023.1\lib\win64.o\librdi_ippcw.dll
0x00007ff8c04c0000 - 0x00007ff8c0532000 	D:\vivado\Vivado\2023.1\lib\win64.o\librdi_noc_frameworks.dll
0x00007ff877c50000 - 0x00007ff8782a6000 	D:\vivado\Vivado\2023.1\lib\win64.o\librdi_memdata.dll
0x00007ff8cc7a0000 - 0x00007ff8cc7fb000 	D:\vivado\Vivado\2023.1\lib\win64.o\librdi_pfi.dll
0x00007ff877460000 - 0x00007ff877c4c000 	D:\vivado\Vivado\2023.1\lib\win64.o\librdi_netlist.dll
0x00007ff876ff0000 - 0x00007ff877460000 	D:\vivado\Vivado\2023.1\lib\win64.o\librdi_platform.dll
0x00007ff876700000 - 0x00007ff876fe4000 	D:\vivado\Vivado\2023.1\lib\win64.o\librdi_power.dll
0x00007ff875f20000 - 0x00007ff8766f9000 	D:\vivado\Vivado\2023.1\lib\win64.o\librdi_project.dll

dbghelp: loaded successfully - version: 4.0.5 - missing functions: none
symbol engine: initialized successfully - sym options: 0x614 - pdb path: .;D:\vivado\Vivado\2023.1\bin\unwrapped\win64.o;C:\WINDOWS\SYSTEM32;D:\vivado\Vivado\2023.1\lib\win64.o;C:\WINDOWS\WinSxS\amd64_microsoft.windows.common-controls_6595b64144ccf1df_5.82.19041.1110_none_792d1c772443f647;D:\vivado\Vivado\2023.1\tps\win64\jre17.0.3_7\bin\server;D:\vivado\Vivado\2023.1\tps\win64\python-3.8.3;D:\vivado\Vivado\2023.1\tps\win64\jre17.0.3_7\bin;C:\WINDOWS\WinSxS\amd64_microsoft.windows.common-controls_6595b64144ccf1df_6.0.19041.1110_none_60b5254171f9507e

VM Arguments:
jvm_args: -Dsun.java2d.pmoffscreen=false -Dhttps.protocols=TLSv1,TLSv1.1,TLSv1.2 -Dsun.java2d.xrender=false -Dsun.java2d.d3d=false -Dsun.awt.nopixfmt=true -Dsun.java2d.dpiaware=true -Dsun.java2d.uiScale.enabled=false -Dswing.aatext=true -XX:-UsePerfData -Djdk.map.althashing.threshold=512 -XX:StringTableSize=4072 -XX:+UseStringDeduplication -XX:MaxGCPauseMillis=200 -XX:+ParallelRefProcEnabled --add-opens=java.desktop/javax.swing.plaf.synth=ALL-UNNAMED --add-opens=java.base/java.nio=ALL-UNNAMED --add-opens=java.desktop/sun.swing=ALL-UNNAMED --add-opens=java.desktop/javax.swing=ALL-UNNAMED --add-opens=java.desktop/javax.swing.tree=ALL-UNNAMED --add-opens=java.desktop/javax.swing.plaf.basic=ALL-UNNAMED --add-opens=java.desktop/javax.swing.plaf.synth=ALL-UNNAMED --add-opens=java.desktop/javax.swing.plaf.basic=ALL-UNNAMED --add-opens=java.desktop/javax.swing=ALL-UNNAMED --add-opens=java.desktop/javax.swing.tree=ALL-UNNAMED --add-opens=java.desktop/java.awt.event=ALL-UNNAMED --add-exports=java.desktop/javax.swing.plaf.synth=ALL-UNNAMED --add-exports=java.base/java.nio=ALL-UNNAMED --add-exports=java.desktop/sun.swing=ALL-UNNAMED --add-exports=java.desktop/javax.swing=ALL-UNNAMED --add-exports=java.desktop/javax.swing.tree=ALL-UNNAMED --add-exports=java.desktop/javax.swing.plaf.basic=ALL-UNNAMED --add-exports=java.desktop/sun.swing=ALL-UNNAMED --add-exports=java.desktop/sun.swing.table=ALL-UNNAMED --add-exports=java.desktop/sun.swing.plaf.synth=ALL-UNNAMED --add-exports=java.desktop/sun.awt.shell=ALL-UNNAMED --add-exports=java.base/sun.security.action=ALL-UNNAMED --add-exports=java.desktop/sun.font=ALL-UNNAMED -XX:NewSize=80m -XX:MaxNewSize=80m -Xms512m -Xmx4072m -Xss10m 
java_command: <unknown>
java_class_path (initial): D:/vivado/Vivado/2023.1\lib\classes\alloy.jar;D:/vivado/Vivado/2023.1\lib\classes\asm-9.3.jar;D:/vivado/Vivado/2023.1\lib\classes\asm-analysis-9.3.jar;D:/vivado/Vivado/2023.1\lib\classes\asm-commons-9.3.jar;D:/vivado/Vivado/2023.1\lib\classes\asm-tree-9.3.jar;D:/vivado/Vivado/2023.1\lib\classes\autoesl-models.jar;D:/vivado/Vivado/2023.1\lib\classes\batik-anim.jar;D:/vivado/Vivado/2023.1\lib\classes\batik-awt-util.jar;D:/vivado/Vivado/2023.1\lib\classes\batik-bridge.jar;D:/vivado/Vivado/2023.1\lib\classes\batik-codec.jar;D:/vivado/Vivado/2023.1\lib\classes\batik-constants.jar;D:/vivado/Vivado/2023.1\lib\classes\batik-css.jar;D:/vivado/Vivado/2023.1\lib\classes\batik-dom.jar;D:/vivado/Vivado/2023.1\lib\classes\batik-ext.jar;D:/vivado/Vivado/2023.1\lib\classes\batik-gui-util.jar;D:/vivado/Vivado/2023.1\lib\classes\batik-gvt.jar;D:/vivado/Vivado/2023.1\lib\classes\batik-i18n.jar;D:/vivado/Vivado/2023.1\lib\classes\batik-parser.jar;D:/vivado/Vivado/2023.1\lib\classes\batik-script.jar;D:/vivado/Vivado/2023.1\lib\classes\batik-svg-dom.jar;D:/vivado/Vivado/2023.1\lib\classes\batik-svggen.jar;D:/vivado/Vivado/2023.1\lib\classes\batik-swing.jar;D:/vivado/Vivado/2023.1\lib\classes\batik-transcoder.jar;D:/vivado/Vivado/2023.1\lib\classes\batik-util.jar;D:/vivado/Vivado/2023.1\lib\classes\batik-xml.jar;D:/vivado/Vivado/2023.1\lib\classes\com.fasterxml.jackson.core.jackson-annotations_2.12.1.v20210128-1726.jar;D:/vivado/Vivado/2023.1\lib\classes\com.fasterxml.jackson.core.jackson-core_2.12.1.v20210128-1726.jar;D:/vivado/Vivado/2023.1\lib\classes\com.fasterxml.jackson.core.jackson-databind_2.12.1.v20210128-1726.jar;D:/vivado/Vivado/2023.1\lib\classes\com.google.gson_2.8.9.v20220111-1409.jar;D:/vivado/Vivado/2023.1\lib\classes\com.google.guava_30.1.0.v20210127-2300.jar;D:/vivado/Vivado/2023.1\lib\classes\com.sigasi.hdt.connection_4.17.2.202212011507.jar;D:/vivado/Vivado/2023.1\lib\classes\com.sigasi.hdt.epl_4.17.2.202212011507.jar;D:/vivado/Vivado/2023.
Launcher Type: generic

[Global flags]
     intx CICompilerCount                          = 3                                         {product} {ergonomic}
     uint ConcGCThreads                            = 1                                         {product} {ergonomic}
     uint G1ConcRefinementThreads                  = 4                                         {product} {ergonomic}
   size_t G1HeapRegionSize                         = 2097152                                   {product} {ergonomic}
    uintx GCDrainStackTargetSize                   = 64                                        {product} {ergonomic}
   size_t InitialHeapSize                          = 536870912                                 {product} {command line}
   size_t MarkStackSize                            = 4194304                                   {product} {ergonomic}
    uintx MaxGCPauseMillis                         = 200                                       {product} {command line}
   size_t MaxHeapSize                              = 4269801472                                {product} {command line}
   size_t MaxNewSize                               = 83886080                                  {product} {command line}
   size_t MinHeapDeltaBytes                        = 2097152                                   {product} {ergonomic}
   size_t MinHeapSize                              = 536870912                                 {product} {command line}
   size_t NewSize                                  = 83886080                                  {product} {command line}
    uintx NonNMethodCodeHeapSize                   = 5832780                                {pd product} {ergonomic}
    uintx NonProfiledCodeHeapSize                  = 122912730                              {pd product} {ergonomic}
     bool ParallelRefProcEnabled                   = true                                      {product} {command line}
    uintx ProfiledCodeHeapSize                     = 122912730                              {pd product} {ergonomic}
    uintx ReservedCodeCacheSize                    = 251658240                              {pd product} {ergonomic}
     bool SegmentedCodeCache                       = true                                      {product} {ergonomic}
   size_t SoftMaxHeapSize                          = 4269801472                             {manageable} {ergonomic}
    uintx StringTableSize                          = 4072                                      {product} {command line}
     intx ThreadStackSize                          = 10240                                  {pd product} {command line}
     bool UseCompressedClassPointers               = true                           {product lp64_product} {ergonomic}
     bool UseCompressedOops                        = true                           {product lp64_product} {ergonomic}
     bool UseG1GC                                  = true                                      {product} {ergonomic}
     bool UseLargePagesIndividualAllocation        = false                                  {pd product} {ergonomic}
     bool UsePerfData                              = false                                     {product} {command line}
     bool UseStringDeduplication                   = true                                      {product} {command line}

Logging:
Log output configuration:
 #0: stdout all=warning uptime,level,tags
 #1: stderr all=off uptime,level,tags

Environment Variables:
PATH=D:/vivado/Vivado/2023.1\gnuwin\bin;D:/vivado/Vivado/2023.1\gnu\microblaze\nt\bin;D:/vivado/Vivado/2023.1/bin;D:/vivado/Vivado/2023.1/tps/win64/java-cef-95.0.4638.69/bin/lib/win64;D:/vivado/Vivado/2023.1/tps/win64/javafx-sdk-17.0.1/lib;D:/vivado/Vivado/2023.1/tps/win64/javafx-sdk-17.0.1/bin;D:/vivado/Vivado/2023.1/lib/win64.o;D:/vivado/Vivado/2023.1/tps/win64/jre17.0.3_7/bin/server;D:/vivado/Vivado/2023.1/tps/win64/jre17.0.3_7/bin;D:/vivado/Vivado/2023.1/ids_lite/ISE/bin/nt64;D:/vivado/Vivado/2023.1/ids_lite/ISE/lib/nt64;D:/vivado/Vitis_HLS/2023.1/bin;C:\Program Files\Common Files\Oracle\Java\javapath;C:\Program Files (x86)\Common Files\Oracle\Java\javapath;C:\Program Files\Python38\Scripts\;C:\Program Files\Python38\;C:\Program Files\Java\jdk-12.0.2\bin;C:\WINDOWS;C:\WINDOWS\System32;C:\Program Files\NVIDIA Corporation\NVIDIA NvDLISR;C:\WINDOWS\System32\Wbem;C:\WINDOWS\System32\WindowsPowerShell\v1.0\;C:\WINDOWS\System32\OpenSSH\;C:\Program Files (x86)\NVIDIA Corporation\PhysX\Common;E:\lorenzo\Mathlab\bin;C:\MinGW\bin;C:\Program Files (x86)\dotnet\;C:\Program Files\Git\cmd;D:\intellij\IntelliJ IDEA Community Edition 2023.1.2\bin;;D:/vivado/Vivado/2023.1\tps\mingw\6.2.0\win64.o\nt\bin;D:/vivado/Vivado/2023.1\tps\mingw\6.2.0\win64.o\nt\libexec\gcc\x86_64-w64-mingw32\6.2.0;D:/vivado/Vivado/2023.1\tps\win64\python-3.8.3;D:/vivado/Vivado/2023.1\tps\win64\python-3.8.3\bin;D:/vivado/Vivado/2023.1\tps\win64\python-3.8.3\lib;D:/vivado/Vivado/2023.1\tps\win64\python-3.8.3\lib\site-packages
USERNAME=lorenzo
OS=Windows_NT
PROCESSOR_IDENTIFIER=Intel64 Family 6 Model 158 Stepping 9, GenuineIntel



---------------  S Y S T E M  ---------------

OS:
 Windows 10 , 64 bit Build 19041 (10.0.19041.3155)
OS uptime: 0 days 0:19 hours

CPU: total 4 (initial active 4) (4 cores per cpu, 1 threads per core) family 6 model 158 stepping 9 microcode 0xb4, cx8, cmov, fxsr, mmx, 3dnowpref, sse, sse2, sse3, ssse3, sse4.1, sse4.2, popcnt, lzcnt, tsc, tscinvbit, avx, avx2, aes, erms, clmul, bmi1, bmi2, rtm, adx, fma, vzeroupper, clflush, clflushopt

Memory: 4k page, system-wide physical 16321M (10155M free)
TotalPageFile size 19777M (AvailPageFile size 11427M)
current process WorkingSet (physical memory assigned to process): 1659M, peak: 1662M
current process commit charge ("private bytes"): 2048M, peak: 2066M

vm_info: OpenJDK 64-Bit Server VM (17.0.3+7) for windows-amd64 JRE (17.0.3+7), built on Apr 19 2022 16:55:35 by "" with MS VC++ 16.7 (VS2019)

END.
